#
# There is insufficient memory for the Java Runtime Environment to continue.
# Native memory allocation (malloc) failed to allocate 648752 bytes for Chunk::new
# Possible reasons:
#   The system is out of physical RAM or swap space
#   The process is running with CompressedOops enabled, and the Java Heap may be blocking the growth of the native heap
# Possible solutions:
#   Reduce memory load on the system
#   Increase physical memory or swap space
#   Check if swap backing store is full
#   Decrease Java heap size (-Xmx/-Xms)
#   Decrease number of Java threads
#   Decrease Java thread stack sizes (-Xss)
#   Set larger code cache with -XX:ReservedCodeCacheSize=
#   JVM is running with Zero Based Compressed Oops mode in which the Java heap is
#     placed in the first 32GB address space. The Java Heap base address is the
#     maximum limit for the native heap growth. Please use -XX:HeapBaseMinAddress
#     to set the Java Heap base and to place the Java Heap above 32GB virtual address.
# This output file may be truncated or incomplete.
#
#  Out of Memory Error (arena.cpp:168), pid=28120, tid=10888
#
# JRE version: Java(TM) SE Runtime Environment (21.0.2+13) (build 21.0.2+13-LTS-58)
# Java VM: Java HotSpot(TM) 64-Bit Server VM (21.0.2+13-LTS-58, mixed mode, sharing, tiered, compressed oops, compressed class ptrs, g1 gc, windows-amd64)
# No core dump will be written. Minidumps are not enabled by default on client versions of Windows
#

---------------  S U M M A R Y ------------

Command Line: -Dclassworlds.conf=C:\Program Files\NetBeans-19\netbeans\java\maven\bin\m2.conf -Dmaven.home=C:\Program Files\NetBeans-19\netbeans\java\maven -Dlibrary.jansi.path=C:\Program Files\NetBeans-19\netbeans\java\maven\lib\jansi-native -Dmaven.multiModuleProjectDirectory=G:\Документы\GitHub\mortalkombatbLab5\lab5 org.codehaus.plexus.classworlds.launcher.Launcher -Dexec.vmArgs= -Dexec.args=${exec.vmArgs} -classpath %classpath ${exec.mainClass} ${exec.appArgs} -Dexec.appArgs= -Dexec.mainClass=com.mycompany.lab5.Lab5 -Dexec.executable=C:\Program Files\Java\jdk-21\bin\java.exe -Dmaven.ext.class.path=C:\Program Files\NetBeans-19\netbeans\java\maven-nblib\netbeans-eventspy.jar --no-transfer-progress process-classes org.codehaus.mojo:exec-maven-plugin:3.1.0:exec

Host: Intel(R) Core(TM) i5-10400F CPU @ 2.90GHz, 12 cores, 15G,  Windows 10 , 64 bit Build 19041 (10.0.19041.3636)
Time: Sat May 11 02:19:20 2024 RTZ 2 (s 10 , 64 bit Build 19041 (10.0.19041.3636) elapsed time: 3.646890 seconds (0d 0h 0m 3s)

---------------  T H R E A D  ---------------

Current thread (0x000001ef645c44e0):  JavaThread "C2 CompilerThread1" daemon [_thread_in_native, id=10888, stack(0x000000e455e00000,0x000000e455f00000) (1024K)]


Current CompileTask:
C2:   3646 2807       4       sun.util.locale.BaseLocale::getInstance (150 bytes)

Stack: [0x000000e455e00000,0x000000e455f00000]
Native frames: (J=compiled Java code, j=interpreted, Vv=VM code, C=native code)
V  [jvm.dll+0x6cade9]
V  [jvm.dll+0x8569c1]
V  [jvm.dll+0x858d2e]
V  [jvm.dll+0x859413]
V  [jvm.dll+0x280e56]
V  [jvm.dll+0xc3f3d]
V  [jvm.dll+0xc4473]
V  [jvm.dll+0x3b5c2c]
V  [jvm.dll+0x382855]
V  [jvm.dll+0x381cca]
V  [jvm.dll+0x249bd0]
V  [jvm.dll+0x2491b1]
V  [jvm.dll+0x1c9634]
V  [jvm.dll+0x258859]
V  [jvm.dll+0x256e3a]
V  [jvm.dll+0x3ef6c6]
V  [jvm.dll+0x7ff568]
V  [jvm.dll+0x6c953d]
C  [ucrtbase.dll+0x21bb2]
C  [KERNEL32.DLL+0x17344]
C  [ntdll.dll+0x526b1]


---------------  P R O C E S S  ---------------

Threads class SMR info:
_java_thread_list=0x000001ef6384e950, length=12, elements={
0x000001ef7a9c0540, 0x000001ef7eebec30, 0x000001ef7eebfb50, 0x000001ef7eec1920,
0x000001ef7eec2580, 0x000001ef7eec4ff0, 0x000001ef7eec62c0, 0x000001ef7eec8060,
0x000001ef7eec8e60, 0x000001ef1d5742a0, 0x000001ef1d576300, 0x000001ef645c44e0
}

Java Threads: ( => current thread )
  0x000001ef7a9c0540 JavaThread "main"                              [_thread_in_Java, id=28160, stack(0x000000e454b00000,0x000000e454c00000) (1024K)]
  0x000001ef7eebec30 JavaThread "Reference Handler"          daemon [_thread_blocked, id=28384, stack(0x000000e455300000,0x000000e455400000) (1024K)]
  0x000001ef7eebfb50 JavaThread "Finalizer"                  daemon [_thread_blocked, id=28388, stack(0x000000e455400000,0x000000e455500000) (1024K)]
  0x000001ef7eec1920 JavaThread "Signal Dispatcher"          daemon [_thread_blocked, id=28392, stack(0x000000e455500000,0x000000e455600000) (1024K)]
  0x000001ef7eec2580 JavaThread "Attach Listener"            daemon [_thread_blocked, id=28396, stack(0x000000e455600000,0x000000e455700000) (1024K)]
  0x000001ef7eec4ff0 JavaThread "Service Thread"             daemon [_thread_blocked, id=28400, stack(0x000000e455700000,0x000000e455800000) (1024K)]
  0x000001ef7eec62c0 JavaThread "Monitor Deflation Thread"   daemon [_thread_blocked, id=28404, stack(0x000000e455800000,0x000000e455900000) (1024K)]
  0x000001ef7eec8060 JavaThread "C2 CompilerThread0"         daemon [_thread_in_native, id=28408, stack(0x000000e455900000,0x000000e455a00000) (1024K)]
  0x000001ef7eec8e60 JavaThread "C1 CompilerThread0"         daemon [_thread_blocked, id=28412, stack(0x000000e455a00000,0x000000e455b00000) (1024K)]
  0x000001ef1d5742a0 JavaThread "Notification Thread"        daemon [_thread_blocked, id=28436, stack(0x000000e455b00000,0x000000e455c00000) (1024K)]
  0x000001ef1d576300 JavaThread "Common-Cleaner"             daemon [_thread_blocked, id=28440, stack(0x000000e455c00000,0x000000e455d00000) (1024K)]
=>0x000001ef645c44e0 JavaThread "C2 CompilerThread1"         daemon [_thread_in_native, id=10888, stack(0x000000e455e00000,0x000000e455f00000) (1024K)]
Total: 12

Other Threads:
  0x000001ef7ee9a080 VMThread "VM Thread"                           [id=28260, stack(0x000000e455200000,0x000000e455300000) (1024K)]
  0x000001ef7ee7f8a0 WatcherThread "VM Periodic Task Thread"        [id=28256, stack(0x000000e455100000,0x000000e455200000) (1024K)]
  0x000001ef7acd9180 WorkerThread "GC Thread#0"                     [id=28212, stack(0x000000e454c00000,0x000000e454d00000) (1024K)]
  0x000001ef63d13800 WorkerThread "GC Thread#1"                     [id=22532, stack(0x000000e455f00000,0x000000e456000000) (1024K)]
  0x000001ef63a0ed60 WorkerThread "GC Thread#2"                     [id=15600, stack(0x000000e456000000,0x000000e456100000) (1024K)]
  0x000001ef6415a010 WorkerThread "GC Thread#3"                     [id=3032, stack(0x000000e456100000,0x000000e456200000) (1024K)]
  0x000001ef6415a3b0 WorkerThread "GC Thread#4"                     [id=24088, stack(0x000000e456200000,0x000000e456300000) (1024K)]
  0x000001ef63b3cdd0 WorkerThread "GC Thread#5"                     [id=28228, stack(0x000000e456300000,0x000000e456400000) (1024K)]
  0x000001ef63b3d580 WorkerThread "GC Thread#6"                     [id=28492, stack(0x000000e456400000,0x000000e456500000) (1024K)]
  0x000001ef64691010 WorkerThread "GC Thread#7"                     [id=28496, stack(0x000000e456500000,0x000000e456600000) (1024K)]
  0x000001ef646913b0 WorkerThread "GC Thread#8"                     [id=28452, stack(0x000000e456600000,0x000000e456700000) (1024K)]
  0x000001ef63aa35c0 WorkerThread "GC Thread#9"                     [id=27024, stack(0x000000e455d00000,0x000000e455e00000) (1024K)]
  0x000001ef7acea700 ConcurrentGCThread "G1 Main Marker"            [id=28216, stack(0x000000e454d00000,0x000000e454e00000) (1024K)]
  0x000001ef7aceb110 WorkerThread "G1 Conc#0"                       [id=28220, stack(0x000000e454e00000,0x000000e454f00000) (1024K)]
  0x000001ef7ad3e8d0 ConcurrentGCThread "G1 Refine#0"               [id=28236, stack(0x000000e454f00000,0x000000e455000000) (1024K)]
  0x000001ef7ed47900 ConcurrentGCThread "G1 Service"                [id=28240, stack(0x000000e455000000,0x000000e455100000) (1024K)]
Total: 16

Threads with active compile tasks:
C2 CompilerThread0     3680 2756   !   4       java.net.URL::<init> (543 bytes)
C2 CompilerThread1     3680 2807       4       sun.util.locale.BaseLocale::getInstance (150 bytes)
Total: 2

VM state: not at safepoint (normal execution)

VM Mutex/Monitor currently owned by a thread: None

Heap address: 0x0000000701800000, size: 4072 MB, Compressed Oops mode: Zero based, Oop shift amount: 3

CDS archive(s) mapped at: [0x000001ef1e000000-0x000001ef1ec90000-0x000001ef1ec90000), size 13172736, SharedBaseAddress: 0x000001ef1e000000, ArchiveRelocationMode: 1.
Compressed class space mapped at: 0x000001ef1f000000-0x000001ef5f000000, reserved size: 1073741824
Narrow klass base: 0x000001ef1e000000, Narrow klass shift: 0, Narrow klass range: 0x100000000

GC Precious Log:
 CardTable entry size: 512
 Card Set container configuration: InlinePtr #cards 4 size 8 Array Of Cards #cards 16 size 48 Howl #buckets 8 coarsen threshold 3686 Howl Bitmap #cards 512 size 80 coarsen threshold 460 Card regions per heap region 1 cards per card region 4096
 CPUs: 12 total, 12 available
 Memory: 16280M
 Large Page Support: Disabled
 NUMA Support: Disabled
 Compressed Oops: Enabled (Zero based)
 Heap Region Size: 2M
 Heap Min Capacity: 8M
 Heap Initial Capacity: 256M
 Heap Max Capacity: 4072M
 Pre-touch: Disabled
 Parallel Workers: 10
 Concurrent Workers: 3
 Concurrent Refinement Workers: 10
 Periodic GC: Disabled

Heap:
 garbage-first heap   total 262144K, used 26417K [0x0000000701800000, 0x0000000800000000)
  region size 2048K, 13 young (26624K), 2 survivors (4096K)
 Metaspace       used 14861K, committed 15040K, reserved 1114112K
  class space    used 1767K, committed 1856K, reserved 1048576K

Heap Regions: E=young(eden), S=young(survivor), O=old, HS=humongous(starts), HC=humongous(continues), CS=collection set, F=free, TAMS=top-at-mark-start, PB=parsable bottom
|   0|0x0000000701800000, 0x0000000701a00000, 0x0000000701a00000|100%| O|  |TAMS 0x0000000701800000| PB 0x0000000701800000| Untracked 
|   1|0x0000000701a00000, 0x0000000701b98060, 0x0000000701c00000| 79%| O|  |TAMS 0x0000000701a00000| PB 0x0000000701a00000| Untracked 
|   2|0x0000000701c00000, 0x0000000701c00000, 0x0000000701e00000|  0%| F|  |TAMS 0x0000000701c00000| PB 0x0000000701c00000| Untracked 
|   3|0x0000000701e00000, 0x0000000701e00000, 0x0000000702000000|  0%| F|  |TAMS 0x0000000701e00000| PB 0x0000000701e00000| Untracked 
|   4|0x0000000702000000, 0x0000000702000000, 0x0000000702200000|  0%| F|  |TAMS 0x0000000702000000| PB 0x0000000702000000| Untracked 
|   5|0x0000000702200000, 0x0000000702200000, 0x0000000702400000|  0%| F|  |TAMS 0x0000000702200000| PB 0x0000000702200000| Untracked 
|   6|0x0000000702400000, 0x0000000702400000, 0x0000000702600000|  0%| F|  |TAMS 0x0000000702400000| PB 0x0000000702400000| Untracked 
|   7|0x0000000702600000, 0x0000000702600000, 0x0000000702800000|  0%| F|  |TAMS 0x0000000702600000| PB 0x0000000702600000| Untracked 
|   8|0x0000000702800000, 0x0000000702800000, 0x0000000702a00000|  0%| F|  |TAMS 0x0000000702800000| PB 0x0000000702800000| Untracked 
|   9|0x0000000702a00000, 0x0000000702a00000, 0x0000000702c00000|  0%| F|  |TAMS 0x0000000702a00000| PB 0x0000000702a00000| Untracked 
|  10|0x0000000702c00000, 0x0000000702c00000, 0x0000000702e00000|  0%| F|  |TAMS 0x0000000702c00000| PB 0x0000000702c00000| Untracked 
|  11|0x0000000702e00000, 0x0000000702e00000, 0x0000000703000000|  0%| F|  |TAMS 0x0000000702e00000| PB 0x0000000702e00000| Untracked 
|  12|0x0000000703000000, 0x0000000703000000, 0x0000000703200000|  0%| F|  |TAMS 0x0000000703000000| PB 0x0000000703000000| Untracked 
|  13|0x0000000703200000, 0x0000000703200000, 0x0000000703400000|  0%| F|  |TAMS 0x0000000703200000| PB 0x0000000703200000| Untracked 
|  14|0x0000000703400000, 0x0000000703400000, 0x0000000703600000|  0%| F|  |TAMS 0x0000000703400000| PB 0x0000000703400000| Untracked 
|  15|0x0000000703600000, 0x0000000703600000, 0x0000000703800000|  0%| F|  |TAMS 0x0000000703600000| PB 0x0000000703600000| Untracked 
|  16|0x0000000703800000, 0x0000000703800000, 0x0000000703a00000|  0%| F|  |TAMS 0x0000000703800000| PB 0x0000000703800000| Untracked 
|  17|0x0000000703a00000, 0x0000000703a00000, 0x0000000703c00000|  0%| F|  |TAMS 0x0000000703a00000| PB 0x0000000703a00000| Untracked 
|  18|0x0000000703c00000, 0x0000000703c00000, 0x0000000703e00000|  0%| F|  |TAMS 0x0000000703c00000| PB 0x0000000703c00000| Untracked 
|  19|0x0000000703e00000, 0x0000000703e00000, 0x0000000704000000|  0%| F|  |TAMS 0x0000000703e00000| PB 0x0000000703e00000| Untracked 
|  20|0x0000000704000000, 0x0000000704000000, 0x0000000704200000|  0%| F|  |TAMS 0x0000000704000000| PB 0x0000000704000000| Untracked 
|  21|0x0000000704200000, 0x0000000704200000, 0x0000000704400000|  0%| F|  |TAMS 0x0000000704200000| PB 0x0000000704200000| Untracked 
|  22|0x0000000704400000, 0x0000000704400000, 0x0000000704600000|  0%| F|  |TAMS 0x0000000704400000| PB 0x0000000704400000| Untracked 
|  23|0x0000000704600000, 0x0000000704600000, 0x0000000704800000|  0%| F|  |TAMS 0x0000000704600000| PB 0x0000000704600000| Untracked 
|  24|0x0000000704800000, 0x0000000704800000, 0x0000000704a00000|  0%| F|  |TAMS 0x0000000704800000| PB 0x0000000704800000| Untracked 
|  25|0x0000000704a00000, 0x0000000704a00000, 0x0000000704c00000|  0%| F|  |TAMS 0x0000000704a00000| PB 0x0000000704a00000| Untracked 
|  26|0x0000000704c00000, 0x0000000704c00000, 0x0000000704e00000|  0%| F|  |TAMS 0x0000000704c00000| PB 0x0000000704c00000| Untracked 
|  27|0x0000000704e00000, 0x0000000704e00000, 0x0000000705000000|  0%| F|  |TAMS 0x0000000704e00000| PB 0x0000000704e00000| Untracked 
|  28|0x0000000705000000, 0x0000000705000000, 0x0000000705200000|  0%| F|  |TAMS 0x0000000705000000| PB 0x0000000705000000| Untracked 
|  29|0x0000000705200000, 0x0000000705200000, 0x0000000705400000|  0%| F|  |TAMS 0x0000000705200000| PB 0x0000000705200000| Untracked 
|  30|0x0000000705400000, 0x0000000705400000, 0x0000000705600000|  0%| F|  |TAMS 0x0000000705400000| PB 0x0000000705400000| Untracked 
|  31|0x0000000705600000, 0x0000000705600000, 0x0000000705800000|  0%| F|  |TAMS 0x0000000705600000| PB 0x0000000705600000| Untracked 
|  32|0x0000000705800000, 0x0000000705800000, 0x0000000705a00000|  0%| F|  |TAMS 0x0000000705800000| PB 0x0000000705800000| Untracked 
|  33|0x0000000705a00000, 0x0000000705a00000, 0x0000000705c00000|  0%| F|  |TAMS 0x0000000705a00000| PB 0x0000000705a00000| Untracked 
|  34|0x0000000705c00000, 0x0000000705c00000, 0x0000000705e00000|  0%| F|  |TAMS 0x0000000705c00000| PB 0x0000000705c00000| Untracked 
|  35|0x0000000705e00000, 0x0000000705e00000, 0x0000000706000000|  0%| F|  |TAMS 0x0000000705e00000| PB 0x0000000705e00000| Untracked 
|  36|0x0000000706000000, 0x0000000706000000, 0x0000000706200000|  0%| F|  |TAMS 0x0000000706000000| PB 0x0000000706000000| Untracked 
|  37|0x0000000706200000, 0x0000000706200000, 0x0000000706400000|  0%| F|  |TAMS 0x0000000706200000| PB 0x0000000706200000| Untracked 
|  38|0x0000000706400000, 0x0000000706400000, 0x0000000706600000|  0%| F|  |TAMS 0x0000000706400000| PB 0x0000000706400000| Untracked 
|  39|0x0000000706600000, 0x0000000706600000, 0x0000000706800000|  0%| F|  |TAMS 0x0000000706600000| PB 0x0000000706600000| Untracked 
|  40|0x0000000706800000, 0x0000000706800000, 0x0000000706a00000|  0%| F|  |TAMS 0x0000000706800000| PB 0x0000000706800000| Untracked 
|  41|0x0000000706a00000, 0x0000000706a00000, 0x0000000706c00000|  0%| F|  |TAMS 0x0000000706a00000| PB 0x0000000706a00000| Untracked 
|  42|0x0000000706c00000, 0x0000000706c00000, 0x0000000706e00000|  0%| F|  |TAMS 0x0000000706c00000| PB 0x0000000706c00000| Untracked 
|  43|0x0000000706e00000, 0x0000000706e00000, 0x0000000707000000|  0%| F|  |TAMS 0x0000000706e00000| PB 0x0000000706e00000| Untracked 
|  44|0x0000000707000000, 0x0000000707000000, 0x0000000707200000|  0%| F|  |TAMS 0x0000000707000000| PB 0x0000000707000000| Untracked 
|  45|0x0000000707200000, 0x0000000707200000, 0x0000000707400000|  0%| F|  |TAMS 0x0000000707200000| PB 0x0000000707200000| Untracked 
|  46|0x0000000707400000, 0x0000000707400000, 0x0000000707600000|  0%| F|  |TAMS 0x0000000707400000| PB 0x0000000707400000| Untracked 
|  47|0x0000000707600000, 0x0000000707600000, 0x0000000707800000|  0%| F|  |TAMS 0x0000000707600000| PB 0x0000000707600000| Untracked 
|  48|0x0000000707800000, 0x0000000707800000, 0x0000000707a00000|  0%| F|  |TAMS 0x0000000707800000| PB 0x0000000707800000| Untracked 
|  49|0x0000000707a00000, 0x0000000707a00000, 0x0000000707c00000|  0%| F|  |TAMS 0x0000000707a00000| PB 0x0000000707a00000| Untracked 
|  50|0x0000000707c00000, 0x0000000707c00000, 0x0000000707e00000|  0%| F|  |TAMS 0x0000000707c00000| PB 0x0000000707c00000| Untracked 
|  51|0x0000000707e00000, 0x0000000707e00000, 0x0000000708000000|  0%| F|  |TAMS 0x0000000707e00000| PB 0x0000000707e00000| Untracked 
|  52|0x0000000708000000, 0x0000000708000000, 0x0000000708200000|  0%| F|  |TAMS 0x0000000708000000| PB 0x0000000708000000| Untracked 
|  53|0x0000000708200000, 0x0000000708200000, 0x0000000708400000|  0%| F|  |TAMS 0x0000000708200000| PB 0x0000000708200000| Untracked 
|  54|0x0000000708400000, 0x0000000708400000, 0x0000000708600000|  0%| F|  |TAMS 0x0000000708400000| PB 0x0000000708400000| Untracked 
|  55|0x0000000708600000, 0x0000000708600000, 0x0000000708800000|  0%| F|  |TAMS 0x0000000708600000| PB 0x0000000708600000| Untracked 
|  56|0x0000000708800000, 0x0000000708800000, 0x0000000708a00000|  0%| F|  |TAMS 0x0000000708800000| PB 0x0000000708800000| Untracked 
|  57|0x0000000708a00000, 0x0000000708a00000, 0x0000000708c00000|  0%| F|  |TAMS 0x0000000708a00000| PB 0x0000000708a00000| Untracked 
|  58|0x0000000708c00000, 0x0000000708c00000, 0x0000000708e00000|  0%| F|  |TAMS 0x0000000708c00000| PB 0x0000000708c00000| Untracked 
|  59|0x0000000708e00000, 0x0000000708e00000, 0x0000000709000000|  0%| F|  |TAMS 0x0000000708e00000| PB 0x0000000708e00000| Untracked 
|  60|0x0000000709000000, 0x0000000709000000, 0x0000000709200000|  0%| F|  |TAMS 0x0000000709000000| PB 0x0000000709000000| Untracked 
|  61|0x0000000709200000, 0x0000000709200000, 0x0000000709400000|  0%| F|  |TAMS 0x0000000709200000| PB 0x0000000709200000| Untracked 
|  62|0x0000000709400000, 0x0000000709400000, 0x0000000709600000|  0%| F|  |TAMS 0x0000000709400000| PB 0x0000000709400000| Untracked 
|  63|0x0000000709600000, 0x0000000709600000, 0x0000000709800000|  0%| F|  |TAMS 0x0000000709600000| PB 0x0000000709600000| Untracked 
|  64|0x0000000709800000, 0x0000000709800000, 0x0000000709a00000|  0%| F|  |TAMS 0x0000000709800000| PB 0x0000000709800000| Untracked 
|  65|0x0000000709a00000, 0x0000000709a00000, 0x0000000709c00000|  0%| F|  |TAMS 0x0000000709a00000| PB 0x0000000709a00000| Untracked 
|  66|0x0000000709c00000, 0x0000000709c00000, 0x0000000709e00000|  0%| F|  |TAMS 0x0000000709c00000| PB 0x0000000709c00000| Untracked 
|  67|0x0000000709e00000, 0x0000000709e00000, 0x000000070a000000|  0%| F|  |TAMS 0x0000000709e00000| PB 0x0000000709e00000| Untracked 
|  68|0x000000070a000000, 0x000000070a000000, 0x000000070a200000|  0%| F|  |TAMS 0x000000070a000000| PB 0x000000070a000000| Untracked 
|  69|0x000000070a200000, 0x000000070a200000, 0x000000070a400000|  0%| F|  |TAMS 0x000000070a200000| PB 0x000000070a200000| Untracked 
|  70|0x000000070a400000, 0x000000070a400000, 0x000000070a600000|  0%| F|  |TAMS 0x000000070a400000| PB 0x000000070a400000| Untracked 
|  71|0x000000070a600000, 0x000000070a600000, 0x000000070a800000|  0%| F|  |TAMS 0x000000070a600000| PB 0x000000070a600000| Untracked 
|  72|0x000000070a800000, 0x000000070a800000, 0x000000070aa00000|  0%| F|  |TAMS 0x000000070a800000| PB 0x000000070a800000| Untracked 
|  73|0x000000070aa00000, 0x000000070aa00000, 0x000000070ac00000|  0%| F|  |TAMS 0x000000070aa00000| PB 0x000000070aa00000| Untracked 
|  74|0x000000070ac00000, 0x000000070ac00000, 0x000000070ae00000|  0%| F|  |TAMS 0x000000070ac00000| PB 0x000000070ac00000| Untracked 
|  75|0x000000070ae00000, 0x000000070ae00000, 0x000000070b000000|  0%| F|  |TAMS 0x000000070ae00000| PB 0x000000070ae00000| Untracked 
|  76|0x000000070b000000, 0x000000070b000000, 0x000000070b200000|  0%| F|  |TAMS 0x000000070b000000| PB 0x000000070b000000| Untracked 
|  77|0x000000070b200000, 0x000000070b200000, 0x000000070b400000|  0%| F|  |TAMS 0x000000070b200000| PB 0x000000070b200000| Untracked 
|  78|0x000000070b400000, 0x000000070b400000, 0x000000070b600000|  0%| F|  |TAMS 0x000000070b400000| PB 0x000000070b400000| Untracked 
|  79|0x000000070b600000, 0x000000070b600000, 0x000000070b800000|  0%| F|  |TAMS 0x000000070b600000| PB 0x000000070b600000| Untracked 
|  80|0x000000070b800000, 0x000000070b800000, 0x000000070ba00000|  0%| F|  |TAMS 0x000000070b800000| PB 0x000000070b800000| Untracked 
|  81|0x000000070ba00000, 0x000000070ba00000, 0x000000070bc00000|  0%| F|  |TAMS 0x000000070ba00000| PB 0x000000070ba00000| Untracked 
|  82|0x000000070bc00000, 0x000000070bc00000, 0x000000070be00000|  0%| F|  |TAMS 0x000000070bc00000| PB 0x000000070bc00000| Untracked 
|  83|0x000000070be00000, 0x000000070be00000, 0x000000070c000000|  0%| F|  |TAMS 0x000000070be00000| PB 0x000000070be00000| Untracked 
|  84|0x000000070c000000, 0x000000070c000000, 0x000000070c200000|  0%| F|  |TAMS 0x000000070c000000| PB 0x000000070c000000| Untracked 
|  85|0x000000070c200000, 0x000000070c200000, 0x000000070c400000|  0%| F|  |TAMS 0x000000070c200000| PB 0x000000070c200000| Untracked 
|  86|0x000000070c400000, 0x000000070c400000, 0x000000070c600000|  0%| F|  |TAMS 0x000000070c400000| PB 0x000000070c400000| Untracked 
|  87|0x000000070c600000, 0x000000070c600000, 0x000000070c800000|  0%| F|  |TAMS 0x000000070c600000| PB 0x000000070c600000| Untracked 
|  88|0x000000070c800000, 0x000000070c800000, 0x000000070ca00000|  0%| F|  |TAMS 0x000000070c800000| PB 0x000000070c800000| Untracked 
|  89|0x000000070ca00000, 0x000000070ca00000, 0x000000070cc00000|  0%| F|  |TAMS 0x000000070ca00000| PB 0x000000070ca00000| Untracked 
|  90|0x000000070cc00000, 0x000000070cc00000, 0x000000070ce00000|  0%| F|  |TAMS 0x000000070cc00000| PB 0x000000070cc00000| Untracked 
|  91|0x000000070ce00000, 0x000000070ce00000, 0x000000070d000000|  0%| F|  |TAMS 0x000000070ce00000| PB 0x000000070ce00000| Untracked 
|  92|0x000000070d000000, 0x000000070d000000, 0x000000070d200000|  0%| F|  |TAMS 0x000000070d000000| PB 0x000000070d000000| Untracked 
|  93|0x000000070d200000, 0x000000070d200000, 0x000000070d400000|  0%| F|  |TAMS 0x000000070d200000| PB 0x000000070d200000| Untracked 
|  94|0x000000070d400000, 0x000000070d400000, 0x000000070d600000|  0%| F|  |TAMS 0x000000070d400000| PB 0x000000070d400000| Untracked 
|  95|0x000000070d600000, 0x000000070d600000, 0x000000070d800000|  0%| F|  |TAMS 0x000000070d600000| PB 0x000000070d600000| Untracked 
|  96|0x000000070d800000, 0x000000070d800000, 0x000000070da00000|  0%| F|  |TAMS 0x000000070d800000| PB 0x000000070d800000| Untracked 
|  97|0x000000070da00000, 0x000000070da00000, 0x000000070dc00000|  0%| F|  |TAMS 0x000000070da00000| PB 0x000000070da00000| Untracked 
|  98|0x000000070dc00000, 0x000000070dc00000, 0x000000070de00000|  0%| F|  |TAMS 0x000000070dc00000| PB 0x000000070dc00000| Untracked 
|  99|0x000000070de00000, 0x000000070de00000, 0x000000070e000000|  0%| F|  |TAMS 0x000000070de00000| PB 0x000000070de00000| Untracked 
| 100|0x000000070e000000, 0x000000070e000000, 0x000000070e200000|  0%| F|  |TAMS 0x000000070e000000| PB 0x000000070e000000| Untracked 
| 101|0x000000070e200000, 0x000000070e200000, 0x000000070e400000|  0%| F|  |TAMS 0x000000070e200000| PB 0x000000070e200000| Untracked 
| 102|0x000000070e400000, 0x000000070e400000, 0x000000070e600000|  0%| F|  |TAMS 0x000000070e400000| PB 0x000000070e400000| Untracked 
| 103|0x000000070e600000, 0x000000070e600000, 0x000000070e800000|  0%| F|  |TAMS 0x000000070e600000| PB 0x000000070e600000| Untracked 
| 104|0x000000070e800000, 0x000000070e800000, 0x000000070ea00000|  0%| F|  |TAMS 0x000000070e800000| PB 0x000000070e800000| Untracked 
| 105|0x000000070ea00000, 0x000000070ea00000, 0x000000070ec00000|  0%| F|  |TAMS 0x000000070ea00000| PB 0x000000070ea00000| Untracked 
| 106|0x000000070ec00000, 0x000000070ec00000, 0x000000070ee00000|  0%| F|  |TAMS 0x000000070ec00000| PB 0x000000070ec00000| Untracked 
| 107|0x000000070ee00000, 0x000000070ee00000, 0x000000070f000000|  0%| F|  |TAMS 0x000000070ee00000| PB 0x000000070ee00000| Untracked 
| 108|0x000000070f000000, 0x000000070f034490, 0x000000070f200000| 10%| S|CS|TAMS 0x000000070f000000| PB 0x000000070f000000| Complete 
| 109|0x000000070f200000, 0x000000070f400000, 0x000000070f400000|100%| S|CS|TAMS 0x000000070f200000| PB 0x000000070f200000| Complete 
| 110|0x000000070f400000, 0x000000070f400000, 0x000000070f600000|  0%| F|  |TAMS 0x000000070f400000| PB 0x000000070f400000| Untracked 
| 111|0x000000070f600000, 0x000000070f600000, 0x000000070f800000|  0%| F|  |TAMS 0x000000070f600000| PB 0x000000070f600000| Untracked 
| 112|0x000000070f800000, 0x000000070f800000, 0x000000070fa00000|  0%| F|  |TAMS 0x000000070f800000| PB 0x000000070f800000| Untracked 
| 113|0x000000070fa00000, 0x000000070fa00000, 0x000000070fc00000|  0%| F|  |TAMS 0x000000070fa00000| PB 0x000000070fa00000| Untracked 
| 114|0x000000070fc00000, 0x000000070fc00000, 0x000000070fe00000|  0%| F|  |TAMS 0x000000070fc00000| PB 0x000000070fc00000| Untracked 
| 115|0x000000070fe00000, 0x000000070fe00000, 0x0000000710000000|  0%| F|  |TAMS 0x000000070fe00000| PB 0x000000070fe00000| Untracked 
| 116|0x0000000710000000, 0x0000000710000000, 0x0000000710200000|  0%| F|  |TAMS 0x0000000710000000| PB 0x0000000710000000| Untracked 
| 117|0x0000000710200000, 0x000000071029e728, 0x0000000710400000| 30%| E|  |TAMS 0x0000000710200000| PB 0x0000000710200000| Complete 
| 118|0x0000000710400000, 0x0000000710600000, 0x0000000710600000|100%| E|CS|TAMS 0x0000000710400000| PB 0x0000000710400000| Complete 
| 119|0x0000000710600000, 0x0000000710800000, 0x0000000710800000|100%| E|CS|TAMS 0x0000000710600000| PB 0x0000000710600000| Complete 
| 120|0x0000000710800000, 0x0000000710a00000, 0x0000000710a00000|100%| E|CS|TAMS 0x0000000710800000| PB 0x0000000710800000| Complete 
| 121|0x0000000710a00000, 0x0000000710c00000, 0x0000000710c00000|100%| E|CS|TAMS 0x0000000710a00000| PB 0x0000000710a00000| Complete 
| 122|0x0000000710c00000, 0x0000000710e00000, 0x0000000710e00000|100%| E|CS|TAMS 0x0000000710c00000| PB 0x0000000710c00000| Complete 
| 123|0x0000000710e00000, 0x0000000711000000, 0x0000000711000000|100%| E|CS|TAMS 0x0000000710e00000| PB 0x0000000710e00000| Complete 
| 124|0x0000000711000000, 0x0000000711200000, 0x0000000711200000|100%| E|CS|TAMS 0x0000000711000000| PB 0x0000000711000000| Complete 
| 125|0x0000000711200000, 0x0000000711400000, 0x0000000711400000|100%| E|CS|TAMS 0x0000000711200000| PB 0x0000000711200000| Complete 
| 126|0x0000000711400000, 0x0000000711600000, 0x0000000711600000|100%| E|CS|TAMS 0x0000000711400000| PB 0x0000000711400000| Complete 
| 127|0x0000000711600000, 0x0000000711800000, 0x0000000711800000|100%| E|CS|TAMS 0x0000000711600000| PB 0x0000000711600000| Complete 

Card table byte_map: [0x000001ef7d9d0000,0x000001ef7e1d0000] _byte_map_base: 0x000001ef7a1c4000

Marking Bits: (CMBitMap*) 0x000001ef7acd9fa0
 Bits: [0x000001ef173a0000, 0x000001ef1b340000)

Polling page: 0x000001ef7a960000

Metaspace:

Usage:
  Non-class:     12.79 MB used.
      Class:      1.73 MB used.
       Both:     14.52 MB used.

Virtual space:
  Non-class space:       64.00 MB reserved,      12.88 MB ( 20%) committed,  1 nodes.
      Class space:        1.00 GB reserved,       1.81 MB ( <1%) committed,  1 nodes.
             Both:        1.06 GB reserved,      14.69 MB (  1%) committed. 

Chunk freelists:
   Non-Class:  2.57 MB
       Class:  14.00 MB
        Both:  16.57 MB

MaxMetaspaceSize: unlimited
CompressedClassSpaceSize: 1.00 GB
Initial GC threshold: 21.00 MB
Current GC threshold: 21.00 MB
CDS: on
 - commit_granule_bytes: 65536.
 - commit_granule_words: 8192.
 - virtual_space_node_default_size: 8388608.
 - enlarge_chunks_in_place: 1.
 - use_allocation_guard: 0.


Internal statistics:

num_allocs_failed_limit: 0.
num_arena_births: 154.
num_arena_deaths: 0.
num_vsnodes_births: 2.
num_vsnodes_deaths: 0.
num_space_committed: 235.
num_space_uncommitted: 0.
num_chunks_returned_to_freelist: 0.
num_chunks_taken_from_freelist: 637.
num_chunk_merges: 0.
num_chunk_splits: 451.
num_chunks_enlarged: 371.
num_inconsistent_stats: 0.

CodeHeap 'non-profiled nmethods': size=120000Kb used=1066Kb max_used=1066Kb free=118934Kb
 bounds [0x000001ef0fe70000, 0x000001ef100e0000, 0x000001ef173a0000]
CodeHeap 'profiled nmethods': size=120000Kb used=5723Kb max_used=5723Kb free=114277Kb
 bounds [0x000001ef083a0000, 0x000001ef08940000, 0x000001ef0f8d0000]
CodeHeap 'non-nmethods': size=5760Kb used=1390Kb max_used=1464Kb free=4369Kb
 bounds [0x000001ef0f8d0000, 0x000001ef0fb40000, 0x000001ef0fe70000]
 total_blobs=3357 nmethods=2871 adapters=390
 compilation: enabled
              stopped_count=0, restarted_count=0
 full_count=0

Compilation events (20 events):
Event: 3.637 Thread 0x000001ef7eec8e60 2828       3       java.util.Collections$UnmodifiableList::get (11 bytes)
Event: 3.637 Thread 0x000001ef7eec8e60 nmethod 2828 0x000001ef0891ae90 code [0x000001ef0891b040, 0x000001ef0891b220]
Event: 3.639 Thread 0x000001ef7eec8e60 2830       3       jdk.internal.org.objectweb.asm.ClassWriter::visitField (53 bytes)
Event: 3.640 Thread 0x000001ef7eec8e60 nmethod 2830 0x000001ef0891b310 code [0x000001ef0891b4e0, 0x000001ef0891b858]
Event: 3.640 Thread 0x000001ef7eec8e60 2831       3       jdk.internal.org.objectweb.asm.FieldWriter::<init> (69 bytes)
Event: 3.640 Thread 0x000001ef7eec8e60 nmethod 2831 0x000001ef0891b990 code [0x000001ef0891bb80, 0x000001ef0891bf50]
Event: 3.640 Thread 0x000001ef7eec8e60 2832       3       jdk.internal.org.objectweb.asm.FieldVisitor::<init> (7 bytes)
Event: 3.640 Thread 0x000001ef7eec8e60 nmethod 2832 0x000001ef0891c190 code [0x000001ef0891c340, 0x000001ef0891c488]
Event: 3.641 Thread 0x000001ef7eec8e60 2833       3       java.lang.invoke.MethodHandleStatics::dumper (4 bytes)
Event: 3.641 Thread 0x000001ef7eec8e60 nmethod 2833 0x000001ef0891c510 code [0x000001ef0891c6a0, 0x000001ef0891c798]
Event: 3.642 Thread 0x000001ef7eec8e60 2838       3       java.lang.invoke.LambdaFormBuffer::ownedCount (7 bytes)
Event: 3.642 Thread 0x000001ef7eec8e60 nmethod 2838 0x000001ef0891c810 code [0x000001ef0891c9a0, 0x000001ef0891cab0]
Event: 3.643 Thread 0x000001ef7eec8e60 2839       3       java.lang.invoke.InvokerBytecodeGenerator::emitStoreResult (27 bytes)
Event: 3.643 Thread 0x000001ef7eec8e60 nmethod 2839 0x000001ef0891cb10 code [0x000001ef0891ccc0, 0x000001ef0891cea0]
Event: 3.643 Thread 0x000001ef7eec8e60 2840       3       java.lang.invoke.LambdaForm$NamedFunction::intrinsicName (21 bytes)
Event: 3.643 Thread 0x000001ef7eec8e60 nmethod 2840 0x000001ef0891cf90 code [0x000001ef0891d140, 0x000001ef0891d390]
Event: 3.643 Thread 0x000001ef7eec8e60 2841       3       java.lang.invoke.LambdaForm$NamedFunction::member (26 bytes)
Event: 3.643 Thread 0x000001ef7eec8e60 nmethod 2841 0x000001ef0891d490 code [0x000001ef0891d620, 0x000001ef0891d740]
Event: 3.643 Thread 0x000001ef7eec8e60 2842       3       java.lang.invoke.InvokerBytecodeGenerator::isStaticallyInvocable (165 bytes)
Event: 3.645 Thread 0x000001ef7eec8e60 nmethod 2842 0x000001ef0891d810 code [0x000001ef0891dbc0, 0x000001ef0891efd8]

GC Heap History (4 events):
Event: 1.497 GC heap before
{Heap before GC invocations=0 (full 0):
 garbage-first heap   total 262144K, used 22528K [0x0000000701800000, 0x0000000800000000)
  region size 2048K, 11 young (22528K), 0 survivors (0K)
 Metaspace       used 5714K, committed 5952K, reserved 1114112K
  class space    used 658K, committed 768K, reserved 1048576K
}
Event: 1.548 GC heap after
{Heap after GC invocations=1 (full 0):
 garbage-first heap   total 262144K, used 4029K [0x0000000701800000, 0x0000000800000000)
  region size 2048K, 2 young (4096K), 2 survivors (4096K)
 Metaspace       used 5714K, committed 5952K, reserved 1114112K
  class space    used 658K, committed 768K, reserved 1048576K
}
Event: 2.888 GC heap before
{Heap before GC invocations=1 (full 0):
 garbage-first heap   total 262144K, used 36797K [0x0000000701800000, 0x0000000800000000)
  region size 2048K, 18 young (36864K), 2 survivors (4096K)
 Metaspace       used 10674K, committed 10816K, reserved 1114112K
  class space    used 1273K, committed 1344K, reserved 1048576K
}
Event: 2.893 GC heap after
{Heap after GC invocations=2 (full 0):
 garbage-first heap   total 262144K, used 5937K [0x0000000701800000, 0x0000000800000000)
  region size 2048K, 2 young (4096K), 2 survivors (4096K)
 Metaspace       used 10674K, committed 10816K, reserved 1114112K
  class space    used 1273K, committed 1344K, reserved 1048576K
}

Dll operation events (8 events):
Event: 0.012 Loaded shared library C:\Program Files\Java\jdk-21\bin\java.dll
Event: 0.342 Loaded shared library C:\Program Files\Java\jdk-21\bin\jsvml.dll
Event: 0.414 Loaded shared library C:\Program Files\Java\jdk-21\bin\net.dll
Event: 0.417 Loaded shared library C:\Program Files\Java\jdk-21\bin\nio.dll
Event: 0.423 Loaded shared library C:\Program Files\Java\jdk-21\bin\zip.dll
Event: 0.616 Loaded shared library C:\Program Files\Java\jdk-21\bin\jimage.dll
Event: 0.631 Loaded shared library C:\Program Files\NetBeans-19\netbeans\java\maven\lib\jansi-native\Windows\x86_64\jansi.dll
Event: 0.650 Loaded shared library C:\Program Files\Java\jdk-21\bin\verify.dll

Deoptimization events (20 events):
Event: 3.568 Thread 0x000001ef7a9c0540 Uncommon trap: trap_request=0xffffff45 fr.pc=0x000001ef0fedc2ac relative=0x000000000000098c
Event: 3.568 Thread 0x000001ef7a9c0540 Uncommon trap: reason=unstable_if action=reinterpret pc=0x000001ef0fedc2ac method=sun.nio.cs.StreamDecoder.implRead([CII)I @ 36 c2
Event: 3.568 Thread 0x000001ef7a9c0540 DEOPT PACKING pc=0x000001ef0fedc2ac sp=0x000000e454bfd940
Event: 3.568 Thread 0x000001ef7a9c0540 DEOPT UNPACKING pc=0x000001ef0f9246a2 sp=0x000000e454bfd920 mode 2
Event: 3.592 Thread 0x000001ef7a9c0540 Uncommon trap: trap_request=0xffffffc6 fr.pc=0x000001ef0fed8b9c relative=0x00000000000003bc
Event: 3.592 Thread 0x000001ef7a9c0540 Uncommon trap: reason=bimorphic_or_optimized_type_check action=maybe_recompile pc=0x000001ef0fed8b9c method=java.nio.Buffer.<init>(IIIILjava/lang/foreign/MemorySegment;)V @ 39 c2
Event: 3.592 Thread 0x000001ef7a9c0540 DEOPT PACKING pc=0x000001ef0fed8b9c sp=0x000000e454bfc8f0
Event: 3.592 Thread 0x000001ef7a9c0540 DEOPT UNPACKING pc=0x000001ef0f9246a2 sp=0x000000e454bfc898 mode 2
Event: 3.593 Thread 0x000001ef7a9c0540 Uncommon trap: trap_request=0xffffff45 fr.pc=0x000001ef0fed786c relative=0x00000000000000cc
Event: 3.593 Thread 0x000001ef7a9c0540 Uncommon trap: reason=unstable_if action=reinterpret pc=0x000001ef0fed786c method=java.nio.Buffer.limit(I)Ljava/nio/Buffer; @ 42 c2
Event: 3.593 Thread 0x000001ef7a9c0540 DEOPT PACKING pc=0x000001ef0fed786c sp=0x000000e454bfcd00
Event: 3.593 Thread 0x000001ef7a9c0540 DEOPT UNPACKING pc=0x000001ef0f9246a2 sp=0x000000e454bfcc88 mode 2
Event: 3.593 Thread 0x000001ef7a9c0540 Uncommon trap: trap_request=0xffffffc6 fr.pc=0x000001ef0fed8b9c relative=0x00000000000003bc
Event: 3.593 Thread 0x000001ef7a9c0540 Uncommon trap: reason=bimorphic_or_optimized_type_check action=maybe_recompile pc=0x000001ef0fed8b9c method=java.nio.Buffer.<init>(IIIILjava/lang/foreign/MemorySegment;)V @ 39 c2
Event: 3.593 Thread 0x000001ef7a9c0540 DEOPT PACKING pc=0x000001ef0fed8b9c sp=0x000000e454bfc9c0
Event: 3.593 Thread 0x000001ef7a9c0540 DEOPT UNPACKING pc=0x000001ef0f9246a2 sp=0x000000e454bfc968 mode 2
Event: 3.626 Thread 0x000001ef7a9c0540 Uncommon trap: trap_request=0xffffff45 fr.pc=0x000001ef0fef77b0 relative=0x00000000000006d0
Event: 3.626 Thread 0x000001ef7a9c0540 Uncommon trap: reason=unstable_if action=reinterpret pc=0x000001ef0fef77b0 method=java.lang.String.replace(CC)Ljava/lang/String; @ 2 c2
Event: 3.626 Thread 0x000001ef7a9c0540 DEOPT PACKING pc=0x000001ef0fef77b0 sp=0x000000e454bfdb80
Event: 3.626 Thread 0x000001ef7a9c0540 DEOPT UNPACKING pc=0x000001ef0f9246a2 sp=0x000000e454bfdb40 mode 2

Classes loaded (20 events):
Event: 3.532 Loading class sun/net/www/protocol/http/Handler done
Event: 3.532 Loading class sun/net/www/protocol/https/Handler done
Event: 3.535 Loading class java/util/regex/Pattern$Pos
Event: 3.535 Loading class java/util/regex/Pattern$Pos done
Event: 3.540 Loading class java/util/ArrayList$SubList$1
Event: 3.540 Loading class java/util/ArrayList$SubList$1 done
Event: 3.591 Loading class sun/util/resources/LocaleData$CommonResourceBundleProvider
Event: 3.591 Loading class sun/util/resources/LocaleData$LocaleDataResourceBundleProvider
Event: 3.592 Loading class java/util/spi/ResourceBundleProvider
Event: 3.592 Loading class java/util/spi/ResourceBundleProvider done
Event: 3.592 Loading class sun/util/resources/LocaleData$LocaleDataResourceBundleProvider done
Event: 3.592 Loading class sun/util/resources/LocaleData$CommonResourceBundleProvider done
Event: 3.592 Loading class sun/util/resources/Bundles$2
Event: 3.592 Loading class sun/util/resources/Bundles$2 done
Event: 3.633 Loading class java/math/BigDecimal
Event: 3.634 Loading class java/math/BigDecimal done
Event: 3.635 Loading class java/lang/Short$ShortCache
Event: 3.635 Loading class java/lang/Short$ShortCache done
Event: 3.635 Loading class java/lang/Byte$ByteCache
Event: 3.635 Loading class java/lang/Byte$ByteCache done

Classes unloaded (0 events):
No events

Classes redefined (0 events):
No events

Internal exceptions (20 events):
Event: 1.233 Thread 0x000001ef7a9c0540 Exception <a 'java/lang/NoSuchMethodError'{0x0000000710916680}: 'int java.lang.invoke.DirectMethodHandle$Holder.invokeSpecialIFC(java.lang.Object, java.lang.Object, java.lang.Object, java.lang.Object, java.lang.Object)'> (0x0000000710916680) 
thrown [s\open\src\hotspot\share\interpreter\linkResolver.cpp, line 773]
Event: 1.322 Thread 0x000001ef7a9c0540 Exception <a 'java/lang/NoSuchMethodError'{0x000000071068d1e8}: 'java.lang.Object java.lang.invoke.DirectMethodHandle$Holder.newInvokeSpecial(java.lang.Object, java.lang.Object, java.lang.Object, java.lang.Object, java.lang.Object)'> (0x000000071068d1e8) 
thrown [s\open\src\hotspot\share\interpreter\linkResolver.cpp, line 773]
Event: 1.371 Thread 0x000001ef7a9c0540 Exception <a 'java/lang/NoSuchMethodError'{0x0000000710780a38}: 'int java.lang.invoke.DirectMethodHandle$Holder.invokeStaticInit(java.lang.Object, java.lang.Object)'> (0x0000000710780a38) 
thrown [s\open\src\hotspot\share\interpreter\linkResolver.cpp, line 773]
Event: 1.382 Thread 0x000001ef7a9c0540 Exception <a 'java/lang/NoClassDefFoundError'{0x00000007107b42d0}: javax/enterprise/inject/Typed> (0x00000007107b42d0) 
thrown [s\open\src\hotspot\share\classfile\systemDictionary.cpp, line 301]
Event: 2.868 Thread 0x000001ef7a9c0540 Exception <a 'java/lang/NoSuchMethodError'{0x000000070f596590}: 'void java.lang.invoke.DirectMethodHandle$Holder.invokeStaticInit(java.lang.Object, java.lang.Object, java.lang.Object)'> (0x000000070f596590) 
thrown [s\open\src\hotspot\share\interpreter\linkResolver.cpp, line 773]
Event: 2.873 Thread 0x000001ef7a9c0540 Exception <a 'java/lang/ExceptionInInitializerError'{0x000000070f5be630}> (0x000000070f5be630) 
thrown [s\open\src\hotspot\share\oops\instanceKlass.cpp, line 1180]
Event: 2.923 Thread 0x000001ef7a9c0540 Exception <a 'java/lang/NoSuchMethodError'{0x00000007116fb5c8}: 'long java.lang.invoke.DirectMethodHandle$Holder.invokeStatic(java.lang.Object, java.lang.Object, int)'> (0x00000007116fb5c8) 
thrown [s\open\src\hotspot\share\interpreter\linkResolver.cpp, line 773]
Event: 2.927 Thread 0x000001ef7a9c0540 Exception <a 'java/lang/NoSuchMethodError'{0x000000071170e660}: 'java.lang.Object java.lang.invoke.DirectMethodHandle$Holder.invokeStatic(java.lang.Object, java.lang.Object, java.lang.Object, java.lang.Object, int)'> (0x000000071170e660) 
thrown [s\open\src\hotspot\share\interpreter\linkResolver.cpp, line 773]
Event: 2.928 Thread 0x000001ef7a9c0540 Exception <a 'java/lang/NoSuchMethodError'{0x0000000711716578}: 'java.lang.Object java.lang.invoke.DirectMethodHandle$Holder.invokeSpecial(java.lang.Object, java.lang.Object, java.lang.Object, java.lang.Object, long)'> (0x0000000711716578) 
thrown [s\open\src\hotspot\share\interpreter\linkResolver.cpp, line 773]
Event: 2.929 Thread 0x000001ef7a9c0540 Exception <a 'java/lang/NoSuchMethodError'{0x0000000711722068}: 'java.lang.Object java.lang.invoke.DirectMethodHandle$Holder.invokeSpecial(java.lang.Object, java.lang.Object, java.lang.Object, int, java.lang.Object)'> (0x0000000711722068) 
thrown [s\open\src\hotspot\share\interpreter\linkResolver.cpp, line 773]
Event: 2.931 Thread 0x000001ef7a9c0540 Exception <a 'java/lang/NoSuchMethodError'{0x000000071172a188}: 'int java.lang.invoke.DirectMethodHandle$Holder.invokeSpecial(java.lang.Object, java.lang.Object, java.lang.Object, int)'> (0x000000071172a188) 
thrown [s\open\src\hotspot\share\interpreter\linkResolver.cpp, line 773]
Event: 2.937 Thread 0x000001ef7a9c0540 Implicit null exception at 0x000001ef0fef04e0 to 0x000001ef0fef071c
Event: 2.940 Thread 0x000001ef7a9c0540 Exception <a 'java/lang/NoSuchMethodError'{0x000000071174e648}: 'java.lang.Object java.lang.invoke.Invokers$Holder.invokeExact_MT(java.lang.Object, int, java.lang.Object)'> (0x000000071174e648) 
thrown [s\open\src\hotspot\share\interpreter\linkResolver.cpp, line 773]
Event: 2.960 Thread 0x000001ef7a9c0540 Exception <a 'java/lang/NoSuchMethodError'{0x00000007117fd298}: 'void java.lang.invoke.DirectMethodHandle$Holder.invokeStatic(java.lang.Object, java.lang.Object)'> (0x00000007117fd298) 
thrown [s\open\src\hotspot\share\interpreter\linkResolver.cpp, line 773]
Event: 3.271 Thread 0x000001ef7a9c0540 Exception <a 'java/lang/NoSuchMethodError'{0x0000000710f760b0}: 'void java.lang.invoke.Invokers$Holder.invokeExact_MT(java.lang.Object, java.lang.Object, java.lang.Object, java.lang.Object)'> (0x0000000710f760b0) 
thrown [s\open\src\hotspot\share\interpreter\linkResolver.cpp, line 773]
Event: 3.290 Thread 0x000001ef7a9c0540 Exception <a 'java/lang/NoClassDefFoundError'{0x0000000710ffd2b0}: com/google/inject/servlet/ServletModuleTargetVisitor> (0x0000000710ffd2b0) 
thrown [s\open\src\hotspot\share\classfile\systemDictionary.cpp, line 301]
Event: 3.369 Thread 0x000001ef7a9c0540 Exception <a 'java/lang/NoSuchMethodError'{0x0000000710ab1880}: 'void java.lang.invoke.DirectMethodHandle$Holder.invokeVirtual(java.lang.Object, java.lang.Object)'> (0x0000000710ab1880) 
thrown [s\open\src\hotspot\share\interpreter\linkResolver.cpp, line 773]
Event: 3.420 Thread 0x000001ef7a9c0540 Exception <a 'java/lang/NoSuchMethodError'{0x0000000710b406a0}: 'java.lang.Object java.lang.invoke.DirectMethodHandle$Holder.invokeStaticInit(java.lang.Object, int, int, int, int)'> (0x0000000710b406a0) 
thrown [s\open\src\hotspot\share\interpreter\linkResolver.cpp, line 773]
Event: 3.641 Thread 0x000001ef7a9c0540 Exception <a 'java/lang/NoSuchMethodError'{0x000000071056b710}: 'void java.lang.invoke.DirectMethodHandle$Holder.invokeVirtual(java.lang.Object, java.lang.Object, int)'> (0x000000071056b710) 
thrown [s\open\src\hotspot\share\interpreter\linkResolver.cpp, line 773]
Event: 3.642 Thread 0x000001ef7a9c0540 Exception <a 'java/lang/NoSuchMethodError'{0x00000007105726e0}: 'void java.lang.invoke.DelegatingMethodHandle$Holder.reinvoke_L(java.lang.Object, java.lang.Object, int)'> (0x00000007105726e0) 
thrown [s\open\src\hotspot\share\interpreter\linkResolver.cpp, line 773]

ZGC Phase Switch (0 events):
No events

VM Operations (20 events):
Event: 2.888 Executing VM operation: G1CollectForAllocation (G1 Evacuation Pause)
Event: 2.893 Executing VM operation: G1CollectForAllocation (G1 Evacuation Pause) done
Event: 3.009 Executing VM operation: HandshakeAllThreads (Deoptimize)
Event: 3.009 Executing VM operation: HandshakeAllThreads (Deoptimize) done
Event: 3.011 Executing VM operation: HandshakeAllThreads (Deoptimize)
Event: 3.011 Executing VM operation: HandshakeAllThreads (Deoptimize) done
Event: 3.097 Executing VM operation: HandshakeAllThreads (Deoptimize)
Event: 3.097 Executing VM operation: HandshakeAllThreads (Deoptimize) done
Event: 3.266 Executing VM operation: HandshakeAllThreads (Deoptimize)
Event: 3.266 Executing VM operation: HandshakeAllThreads (Deoptimize) done
Event: 3.298 Executing VM operation: ICBufferFull
Event: 3.299 Executing VM operation: ICBufferFull done
Event: 3.380 Executing VM operation: HandshakeAllThreads (Deoptimize)
Event: 3.380 Executing VM operation: HandshakeAllThreads (Deoptimize) done
Event: 3.444 Executing VM operation: HandshakeAllThreads (Deoptimize)
Event: 3.444 Executing VM operation: HandshakeAllThreads (Deoptimize) done
Event: 3.484 Executing VM operation: HandshakeAllThreads (Deoptimize)
Event: 3.484 Executing VM operation: HandshakeAllThreads (Deoptimize) done
Event: 3.533 Executing VM operation: HandshakeAllThreads (Deoptimize)
Event: 3.533 Executing VM operation: HandshakeAllThreads (Deoptimize) done

Events (16 events):
Event: 0.046 Thread 0x000001ef7a9c0540 Thread added: 0x000001ef7a9c0540
Event: 0.338 Thread 0x000001ef7eebec30 Thread added: 0x000001ef7eebec30
Event: 0.338 Thread 0x000001ef7eebfb50 Thread added: 0x000001ef7eebfb50
Event: 0.339 Thread 0x000001ef7eec1920 Thread added: 0x000001ef7eec1920
Event: 0.339 Thread 0x000001ef7eec2580 Thread added: 0x000001ef7eec2580
Event: 0.339 Thread 0x000001ef7eec4ff0 Thread added: 0x000001ef7eec4ff0
Event: 0.339 Thread 0x000001ef7eec62c0 Thread added: 0x000001ef7eec62c0
Event: 0.339 Thread 0x000001ef7eec8060 Thread added: 0x000001ef7eec8060
Event: 0.340 Thread 0x000001ef7eec8e60 Thread added: 0x000001ef7eec8e60
Event: 0.369 Thread 0x000001ef1d5742a0 Thread added: 0x000001ef1d5742a0
Event: 0.372 Thread 0x000001ef1d576300 Thread added: 0x000001ef1d576300
Event: 1.408 Thread 0x000001ef1d81c920 Thread added: 0x000001ef1d81c920
Event: 1.412 Thread 0x000001ef63387ae0 Thread added: 0x000001ef63387ae0
Event: 2.332 Thread 0x000001ef63387ae0 Thread exited: 0x000001ef63387ae0
Event: 2.432 Thread 0x000001ef1d81c920 Thread exited: 0x000001ef1d81c920
Event: 3.062 Thread 0x000001ef645c44e0 Thread added: 0x000001ef645c44e0


Dynamic libraries:
0x00007ff7fae30000 - 0x00007ff7fae40000 	C:\Program Files\Java\jdk-21\bin\java.exe
0x00007ffb67c10000 - 0x00007ffb67e08000 	C:\Windows\SYSTEM32\ntdll.dll
0x00007ffb34690000 - 0x00007ffb346a9000 	C:\Program Files\Avast Software\Avast\aswhook.dll
0x00007ffb67b10000 - 0x00007ffb67bcd000 	C:\Windows\System32\KERNEL32.DLL
0x00007ffb65540000 - 0x00007ffb65836000 	C:\Windows\System32\KERNELBASE.dll
0x00007ffb65360000 - 0x00007ffb65460000 	C:\Windows\System32\ucrtbase.dll
0x00007ffb5f0f0000 - 0x00007ffb5f109000 	C:\Program Files\Java\jdk-21\bin\jli.dll
0x00007ffb664b0000 - 0x00007ffb66560000 	C:\Windows\System32\ADVAPI32.dll
0x00007ffb67540000 - 0x00007ffb675de000 	C:\Windows\System32\msvcrt.dll
0x00007ffb65d70000 - 0x00007ffb65e10000 	C:\Windows\System32\sechost.dll
0x00007ffb66ee0000 - 0x00007ffb67003000 	C:\Windows\System32\RPCRT4.dll
0x00007ffb53460000 - 0x00007ffb5347b000 	C:\Program Files\Java\jdk-21\bin\VCRUNTIME140.dll
0x00007ffb65510000 - 0x00007ffb65537000 	C:\Windows\System32\bcrypt.dll
0x00007ffb65f00000 - 0x00007ffb6609f000 	C:\Windows\System32\USER32.dll
0x00007ffb65c10000 - 0x00007ffb65c32000 	C:\Windows\System32\win32u.dll
0x00007ffb4e220000 - 0x00007ffb4e4ba000 	C:\Windows\WinSxS\amd64_microsoft.windows.common-controls_6595b64144ccf1df_6.0.19041.3636_none_60b6a03d71f818d5\COMCTL32.dll
0x00007ffb67ae0000 - 0x00007ffb67b0b000 	C:\Windows\System32\GDI32.dll
0x00007ffb658b0000 - 0x00007ffb659c7000 	C:\Windows\System32\gdi32full.dll
0x00007ffb652c0000 - 0x00007ffb6535d000 	C:\Windows\System32\msvcp_win.dll
0x00007ffb5d0d0000 - 0x00007ffb5d0da000 	C:\Windows\SYSTEM32\VERSION.dll
0x00007ffb65e10000 - 0x00007ffb65e42000 	C:\Windows\System32\IMM32.DLL
0x00007ffb5f1c0000 - 0x00007ffb5f1cc000 	C:\Program Files\Java\jdk-21\bin\vcruntime140_1.dll
0x00007ffb41410000 - 0x00007ffb4149e000 	C:\Program Files\Java\jdk-21\bin\msvcp140.dll
0x00007ffada310000 - 0x00007ffadb027000 	C:\Program Files\Java\jdk-21\bin\server\jvm.dll
0x00007ffb66e60000 - 0x00007ffb66ecb000 	C:\Windows\System32\WS2_32.dll
0x00007ffb64ad0000 - 0x00007ffb64b1b000 	C:\Windows\SYSTEM32\POWRPROF.dll
0x00007ffb5ccc0000 - 0x00007ffb5cce7000 	C:\Windows\SYSTEM32\WINMM.dll
0x00007ffb64ab0000 - 0x00007ffb64ac2000 	C:\Windows\SYSTEM32\UMPDC.dll
0x00007ffb63170000 - 0x00007ffb63182000 	C:\Windows\SYSTEM32\kernel.appcore.dll
0x00007ffb5f180000 - 0x00007ffb5f18a000 	C:\Program Files\Java\jdk-21\bin\jimage.dll
0x00007ffb5b9a0000 - 0x00007ffb5bb84000 	C:\Windows\SYSTEM32\DBGHELP.DLL
0x00007ffb5cc80000 - 0x00007ffb5ccb4000 	C:\Windows\SYSTEM32\dbgcore.DLL
0x00007ffb659d0000 - 0x00007ffb65a52000 	C:\Windows\System32\bcryptPrimitives.dll
0x00007ffb513e0000 - 0x00007ffb513ff000 	C:\Program Files\Java\jdk-21\bin\java.dll
0x00007ffb66650000 - 0x00007ffb66dbb000 	C:\Windows\System32\SHELL32.dll
0x00007ffb63370000 - 0x00007ffb63b0e000 	C:\Windows\SYSTEM32\windows.storage.dll
0x00007ffb66150000 - 0x00007ffb664a3000 	C:\Windows\System32\combase.dll
0x00007ffb64cf0000 - 0x00007ffb64d1e000 	C:\Windows\SYSTEM32\Wldp.dll
0x00007ffb678f0000 - 0x00007ffb679bd000 	C:\Windows\System32\OLEAUT32.dll
0x00007ffb65e50000 - 0x00007ffb65efd000 	C:\Windows\System32\SHCORE.dll
0x00007ffb665f0000 - 0x00007ffb66645000 	C:\Windows\System32\shlwapi.dll
0x00007ffb651f0000 - 0x00007ffb65213000 	C:\Windows\SYSTEM32\profapi.dll
0x00007ffb19c00000 - 0x00007ffb19cd7000 	C:\Program Files\Java\jdk-21\bin\jsvml.dll
0x00007ffb5ef60000 - 0x00007ffb5ef70000 	C:\Program Files\Java\jdk-21\bin\net.dll
0x00007ffb5d330000 - 0x00007ffb5d43a000 	C:\Windows\SYSTEM32\WINHTTP.dll
0x00007ffb649e0000 - 0x00007ffb64a4a000 	C:\Windows\system32\mswsock.dll
0x00007ffb51270000 - 0x00007ffb51286000 	C:\Program Files\Java\jdk-21\bin\nio.dll
0x00007ffb4fda0000 - 0x00007ffb4fdb8000 	C:\Program Files\Java\jdk-21\bin\zip.dll
0x0000000069ac0000 - 0x0000000069ae4000 	C:\Program Files\NetBeans-19\netbeans\java\maven\lib\jansi-native\Windows\x86_64\jansi.dll
0x00007ffb53050000 - 0x00007ffb53060000 	C:\Program Files\Java\jdk-21\bin\verify.dll

dbghelp: loaded successfully - version: 4.0.5 - missing functions: none
symbol engine: initialized successfully - sym options: 0x614 - pdb path: .;C:\Program Files\Java\jdk-21\bin;C:\Windows\SYSTEM32;C:\Program Files\Avast Software\Avast;C:\Windows\WinSxS\amd64_microsoft.windows.common-controls_6595b64144ccf1df_6.0.19041.3636_none_60b6a03d71f818d5;C:\Program Files\Java\jdk-21\bin\server;C:\Program Files\NetBeans-19\netbeans\java\maven\lib\jansi-native\Windows\x86_64

VM Arguments:
jvm_args: -Dclassworlds.conf=C:\Program Files\NetBeans-19\netbeans\java\maven\bin\m2.conf -Dmaven.home=C:\Program Files\NetBeans-19\netbeans\java\maven -Dlibrary.jansi.path=C:\Program Files\NetBeans-19\netbeans\java\maven\lib\jansi-native -Dmaven.multiModuleProjectDirectory=G:\Документы\GitHub\mortalkombatbLab5\lab5 
java_command: org.codehaus.plexus.classworlds.launcher.Launcher -Dexec.vmArgs= -Dexec.args=${exec.vmArgs} -classpath %classpath ${exec.mainClass} ${exec.appArgs} -Dexec.appArgs= -Dexec.mainClass=com.mycompany.lab5.Lab5 -Dexec.executable=C:\Program Files\Java\jdk-21\bin\java.exe -Dmaven.ext.class.path=C:\Program Files\NetBeans-19\netbeans\java\maven-nblib\netbeans-eventspy.jar --no-transfer-progress process-classes org.codehaus.mojo:exec-maven-plugin:3.1.0:exec
java_class_path (initial): C:\Program Files\NetBeans-19\netbeans\java\maven\boot\plexus-classworlds-2.7.0.jar
Launcher Type: SUN_STANDARD

[Global flags]
     intx CICompilerCount                          = 4                                         {product} {ergonomic}
     uint ConcGCThreads                            = 3                                         {product} {ergonomic}
     uint G1ConcRefinementThreads                  = 10                                        {product} {ergonomic}
   size_t G1HeapRegionSize                         = 2097152                                   {product} {ergonomic}
    uintx GCDrainStackTargetSize                   = 64                                        {product} {ergonomic}
   size_t InitialHeapSize                          = 268435456                                 {product} {ergonomic}
   size_t MarkStackSize                            = 4194304                                   {product} {ergonomic}
   size_t MaxHeapSize                              = 4269801472                                {product} {ergonomic}
   size_t MaxNewSize                               = 2560622592                                {product} {ergonomic}
   size_t MinHeapDeltaBytes                        = 2097152                                   {product} {ergonomic}
   size_t MinHeapSize                              = 8388608                                   {product} {ergonomic}
    uintx NonNMethodCodeHeapSize                   = 5839372                                {pd product} {ergonomic}
    uintx NonProfiledCodeHeapSize                  = 122909434                              {pd product} {ergonomic}
    uintx ProfiledCodeHeapSize                     = 122909434                              {pd product} {ergonomic}
    uintx ReservedCodeCacheSize                    = 251658240                              {pd product} {ergonomic}
     bool SegmentedCodeCache                       = true                                      {product} {ergonomic}
   size_t SoftMaxHeapSize                          = 4269801472                             {manageable} {ergonomic}
     bool UseCompressedOops                        = true                           {product lp64_product} {ergonomic}
     bool UseG1GC                                  = true                                      {product} {ergonomic}
     bool UseLargePagesIndividualAllocation        = false                                  {pd product} {ergonomic}

Logging:
Log output configuration:
 #0: stdout all=warning uptime,level,tags foldmultilines=false
 #1: stderr all=off uptime,level,tags foldmultilines=false

Environment Variables:
JAVA_HOME=C:\Program Files\Java\jdk-21
PATH=C:\Program Files\Common Files\Oracle\Java\javapath;C:\Program Files (x86)\Common Files\Oracle\Java\javapath;C:\Windows\system32;C:\Windows;C:\Windows\System32\Wbem;C:\Windows\System32\WindowsPowerShell\v1.0\;C:\Windows\System32\OpenSSH\;C:\Program Files\NVIDIA Corporation\NVIDIA NvDLISR;C:\Program Files (x86)\dotnet\;C:\Program Files (x86)\NVIDIA Corporation\PhysX\Common;C:\Users\semyo\AppData\Local\Programs\Python\Launcher\;C:\Users\semyo\AppData\Local\Microsoft\WindowsApps;G:\Games\PyCharm 2023.3.1\bin;;C:\Users\semyo\AppData\Local\GitHubDesktop\bin
USERNAME=semyo
OS=Windows_NT
PROCESSOR_IDENTIFIER=Intel64 Family 6 Model 165 Stepping 3, GenuineIntel
TMP=C:\Users\semyo\AppData\Local\Temp
TEMP=C:\Users\semyo\AppData\Local\Temp




Periodic native trim disabled

---------------  S Y S T E M  ---------------

OS:
 Windows 10 , 64 bit Build 19041 (10.0.19041.3636)
OS uptime: 16 days 3:38 hours

CPU: total 12 (initial active 12) (6 cores per cpu, 2 threads per core) family 6 model 165 stepping 3 microcode 0xf4, cx8, cmov, fxsr, ht, mmx, 3dnowpref, sse, sse2, sse3, ssse3, sse4.1, sse4.2, popcnt, lzcnt, tsc, tscinvbit, avx, avx2, aes, erms, clmul, bmi1, bmi2, adx, fma, vzeroupper, clflush, clflushopt, rdtscp, f16c
Processor Information for all 12 processors :
  Max Mhz: 2904, Current Mhz: 2904, Mhz Limit: 2904

Memory: 4k page, system-wide physical 16280M (3119M free)
TotalPageFile size 30523M (AvailPageFile size 175M)
current process WorkingSet (physical memory assigned to process): 128M, peak: 129M
current process commit charge ("private bytes"): 392M, peak: 392M

vm_info: Java HotSpot(TM) 64-Bit Server VM (21.0.2+13-LTS-58) for windows-amd64 JRE (21.0.2+13-LTS-58), built on 2024-01-05T18:32:24Z by "mach5one" with MS VC++ 17.1 (VS2022)

END.
