#
# There is insufficient memory for the Java Runtime Environment to continue.
# Native memory allocation (malloc) failed to allocate 32744 bytes for Chunk::new
# Possible reasons:
#   The system is out of physical RAM or swap space
#   The process is running with CompressedOops enabled, and the Java Heap may be blocking the growth of the native heap
# Possible solutions:
#   Reduce memory load on the system
#   Increase physical memory or swap space
#   Check if swap backing store is full
#   Decrease Java heap size (-Xmx/-Xms)
#   Decrease number of Java threads
#   Decrease Java thread stack sizes (-Xss)
#   Set larger code cache with -XX:ReservedCodeCacheSize=
#   JVM is running with Zero Based Compressed Oops mode in which the Java heap is
#     placed in the first 32GB address space. The Java Heap base address is the
#     maximum limit for the native heap growth. Please use -XX:HeapBaseMinAddress
#     to set the Java Heap base and to place the Java Heap above 32GB virtual address.
# This output file may be truncated or incomplete.
#
#  Out of Memory Error (arena.cpp:168), pid=21400, tid=25568
#
# JRE version: Java(TM) SE Runtime Environment (21.0.2+13) (build 21.0.2+13-LTS-58)
# Java VM: Java HotSpot(TM) 64-Bit Server VM (21.0.2+13-LTS-58, mixed mode, sharing, tiered, compressed oops, compressed class ptrs, g1 gc, windows-amd64)
# No core dump will be written. Minidumps are not enabled by default on client versions of Windows
#

---------------  S U M M A R Y ------------

Command Line: -Dclassworlds.conf=C:\Program Files\NetBeans-19\netbeans\java\maven\bin\m2.conf -Dmaven.home=C:\Program Files\NetBeans-19\netbeans\java\maven -Dlibrary.jansi.path=C:\Program Files\NetBeans-19\netbeans\java\maven\lib\jansi-native -Dmaven.multiModuleProjectDirectory=G:\Документы\GitHub\mortalkombatbLab5\lab5 org.codehaus.plexus.classworlds.launcher.Launcher -Dexec.vmArgs= -Dexec.args=${exec.vmArgs} -classpath %classpath ${exec.mainClass} ${exec.appArgs} -Dexec.appArgs= -Dexec.mainClass=com.mycompany.lab5.Lab5 -Dexec.executable=C:\Program Files\Java\jdk-21\bin\java.exe -Dmaven.ext.class.path=C:\Program Files\NetBeans-19\netbeans\java\maven-nblib\netbeans-eventspy.jar --no-transfer-progress process-classes org.codehaus.mojo:exec-maven-plugin:3.1.0:exec

Host: Intel(R) Core(TM) i5-10400F CPU @ 2.90GHz, 12 cores, 15G,  Windows 10 , 64 bit Build 19041 (10.0.19041.3636)
Time: Sat May 11 02:19:37 2024 RTZ 2 (s 10 , 64 bit Build 19041 (10.0.19041.3636) elapsed time: 31.635881 seconds (0d 0h 0m 31s)

---------------  T H R E A D  ---------------

Current thread (0x00000268fbf387a0):  JavaThread "C1 CompilerThread0" daemon [_thread_in_native, id=25568, stack(0x000000bd52900000,0x000000bd52a00000) (1024K)]


Current CompileTask:
C1:  31635 3975       3       org.fusesource.jansi.io.AnsiOutputStream::write (898 bytes)

Stack: [0x000000bd52900000,0x000000bd52a00000]
Native frames: (J=compiled Java code, j=interpreted, Vv=VM code, C=native code)
V  [jvm.dll+0x6cade9]
V  [jvm.dll+0x8569c1]
V  [jvm.dll+0x858d2e]
V  [jvm.dll+0x859413]
V  [jvm.dll+0x280e56]
V  [jvm.dll+0xc3f3d]
V  [jvm.dll+0xc4473]
V  [jvm.dll+0x19c081]
V  [jvm.dll+0x19ec5e]
V  [jvm.dll+0x19f267]
V  [jvm.dll+0x197610]
V  [jvm.dll+0x196b1b]
V  [jvm.dll+0x19fd5b]
V  [jvm.dll+0x197c98]
V  [jvm.dll+0x19b172]
V  [jvm.dll+0x154953]
V  [jvm.dll+0x154208]
V  [jvm.dll+0x154444]
V  [jvm.dll+0x153886]
V  [jvm.dll+0x1555ed]
V  [jvm.dll+0x258859]
V  [jvm.dll+0x256e3a]
V  [jvm.dll+0x3ef6c6]
V  [jvm.dll+0x7ff568]
V  [jvm.dll+0x6c953d]
C  [ucrtbase.dll+0x21bb2]
C  [KERNEL32.DLL+0x17344]
C  [ntdll.dll+0x526b1]


---------------  P R O C E S S  ---------------

Threads class SMR info:
_java_thread_list=0x00000268d58cc810, length=14, elements={
0x00000268e9691260, 0x00000268fbf2f770, 0x00000268fbf303d0, 0x00000268fbf31030,
0x00000268fbf33aa0, 0x00000268fbf36510, 0x00000268fbf36f70, 0x00000268fbf37d00,
0x00000268fbf387a0, 0x00000268d4159910, 0x00000268d4163fd0, 0x00000268d58ceb40,
0x00000268d4fcf150, 0x00000268d4a97250
}

Java Threads: ( => current thread )
  0x00000268e9691260 JavaThread "main"                              [_thread_in_native, id=25336, stack(0x000000bd51a00000,0x000000bd51b00000) (1024K)]
  0x00000268fbf2f770 JavaThread "Reference Handler"          daemon [_thread_blocked, id=25496, stack(0x000000bd52200000,0x000000bd52300000) (1024K)]
  0x00000268fbf303d0 JavaThread "Finalizer"                  daemon [_thread_blocked, id=25500, stack(0x000000bd52300000,0x000000bd52400000) (1024K)]
  0x00000268fbf31030 JavaThread "Signal Dispatcher"          daemon [_thread_blocked, id=21964, stack(0x000000bd52400000,0x000000bd52500000) (1024K)]
  0x00000268fbf33aa0 JavaThread "Attach Listener"            daemon [_thread_blocked, id=21860, stack(0x000000bd52500000,0x000000bd52600000) (1024K)]
  0x00000268fbf36510 JavaThread "Service Thread"             daemon [_thread_blocked, id=4316, stack(0x000000bd52600000,0x000000bd52700000) (1024K)]
  0x00000268fbf36f70 JavaThread "Monitor Deflation Thread"   daemon [_thread_blocked, id=16808, stack(0x000000bd52700000,0x000000bd52800000) (1024K)]
  0x00000268fbf37d00 JavaThread "C2 CompilerThread0"         daemon [_thread_blocked, id=25264, stack(0x000000bd52800000,0x000000bd52900000) (1024K)]
=>0x00000268fbf387a0 JavaThread "C1 CompilerThread0"         daemon [_thread_in_native, id=25568, stack(0x000000bd52900000,0x000000bd52a00000) (1024K)]
  0x00000268d4159910 JavaThread "Notification Thread"        daemon [_thread_blocked, id=24612, stack(0x000000bd52a00000,0x000000bd52b00000) (1024K)]
  0x00000268d4163fd0 JavaThread "Common-Cleaner"             daemon [_thread_blocked, id=24212, stack(0x000000bd52b00000,0x000000bd52c00000) (1024K)]
  0x00000268d58ceb40 JavaThread "Exec Stream Pumper"         daemon [_thread_in_native, id=27632, stack(0x000000bd52d00000,0x000000bd52e00000) (1024K)]
  0x00000268d4fcf150 JavaThread "Exec Stream Pumper"         daemon [_thread_in_native, id=27636, stack(0x000000bd53600000,0x000000bd53700000) (1024K)]
  0x00000268d4a97250 JavaThread "Exec Input Stream Pumper"   daemon [_thread_blocked, id=27640, stack(0x000000bd53700000,0x000000bd53800000) (1024K)]
Total: 14

Other Threads:
  0x00000268fbf0a230 VMThread "VM Thread"                           [id=25460, stack(0x000000bd52100000,0x000000bd52200000) (1024K)]
  0x00000268fbef1b80 WatcherThread "VM Periodic Task Thread"        [id=25456, stack(0x000000bd52000000,0x000000bd52100000) (1024K)]
  0x00000268eb9c8bc0 WorkerThread "GC Thread#0"                     [id=25436, stack(0x000000bd51b00000,0x000000bd51c00000) (1024K)]
  0x00000268d55afc70 WorkerThread "GC Thread#1"                     [id=20628, stack(0x000000bd52e00000,0x000000bd52f00000) (1024K)]
  0x00000268d53b5600 WorkerThread "GC Thread#2"                     [id=4512, stack(0x000000bd52f00000,0x000000bd53000000) (1024K)]
  0x00000268d53b59a0 WorkerThread "GC Thread#3"                     [id=14148, stack(0x000000bd53000000,0x000000bd53100000) (1024K)]
  0x00000268d4e41ba0 WorkerThread "GC Thread#4"                     [id=22104, stack(0x000000bd53100000,0x000000bd53200000) (1024K)]
  0x00000268d4e41f40 WorkerThread "GC Thread#5"                     [id=16588, stack(0x000000bd53200000,0x000000bd53300000) (1024K)]
  0x00000268d56ea850 WorkerThread "GC Thread#6"                     [id=9236, stack(0x000000bd53300000,0x000000bd53400000) (1024K)]
  0x00000268d5457770 WorkerThread "GC Thread#7"                     [id=15924, stack(0x000000bd53400000,0x000000bd53500000) (1024K)]
  0x00000268d5b557a0 WorkerThread "GC Thread#8"                     [id=4816, stack(0x000000bd53500000,0x000000bd53600000) (1024K)]
  0x00000268d4e32a70 WorkerThread "GC Thread#9"                     [id=3048, stack(0x000000bd52c00000,0x000000bd52d00000) (1024K)]
  0x00000268eb9da230 ConcurrentGCThread "G1 Main Marker"            [id=25440, stack(0x000000bd51c00000,0x000000bd51d00000) (1024K)]
  0x00000268eb9dad30 WorkerThread "G1 Conc#0"                       [id=25444, stack(0x000000bd51d00000,0x000000bd51e00000) (1024K)]
  0x00000268eba2e080 ConcurrentGCThread "G1 Refine#0"               [id=25448, stack(0x000000bd51e00000,0x000000bd51f00000) (1024K)]
  0x00000268eba2ea90 ConcurrentGCThread "G1 Service"                [id=25452, stack(0x000000bd51f00000,0x000000bd52000000) (1024K)]
Total: 16

Threads with active compile tasks:
C1 CompilerThread0    31677 3975       3       org.fusesource.jansi.io.AnsiOutputStream::write (898 bytes)
Total: 1

VM state: not at safepoint (normal execution)

VM Mutex/Monitor currently owned by a thread: None

Heap address: 0x0000000701800000, size: 4072 MB, Compressed Oops mode: Zero based, Oop shift amount: 3

CDS archive(s) mapped at: [0x000002688f000000-0x000002688fc90000-0x000002688fc90000), size 13172736, SharedBaseAddress: 0x000002688f000000, ArchiveRelocationMode: 1.
Compressed class space mapped at: 0x0000026890000000-0x00000268d0000000, reserved size: 1073741824
Narrow klass base: 0x000002688f000000, Narrow klass shift: 0, Narrow klass range: 0x100000000

GC Precious Log:
 CardTable entry size: 512
 Card Set container configuration: InlinePtr #cards 4 size 8 Array Of Cards #cards 16 size 48 Howl #buckets 8 coarsen threshold 3686 Howl Bitmap #cards 512 size 80 coarsen threshold 460 Card regions per heap region 1 cards per card region 4096
 CPUs: 12 total, 12 available
 Memory: 16280M
 Large Page Support: Disabled
 NUMA Support: Disabled
 Compressed Oops: Enabled (Zero based)
 Heap Region Size: 2M
 Heap Min Capacity: 8M
 Heap Initial Capacity: 256M
 Heap Max Capacity: 4072M
 Pre-touch: Disabled
 Parallel Workers: 10
 Concurrent Workers: 3
 Concurrent Refinement Workers: 10
 Periodic GC: Disabled

Heap:
 garbage-first heap   total 262144K, used 87690K [0x0000000701800000, 0x0000000800000000)
  region size 2048K, 42 young (86016K), 1 survivors (2048K)
 Metaspace       used 17826K, committed 18176K, reserved 1114112K
  class space    used 2052K, committed 2240K, reserved 1048576K

Heap Regions: E=young(eden), S=young(survivor), O=old, HS=humongous(starts), HC=humongous(continues), CS=collection set, F=free, TAMS=top-at-mark-start, PB=parsable bottom
|   0|0x0000000701800000, 0x0000000701a00000, 0x0000000701a00000|100%| O|  |TAMS 0x0000000701800000| PB 0x0000000701800000| Untracked 
|   1|0x0000000701a00000, 0x0000000701ba6960, 0x0000000701c00000| 82%| O|  |TAMS 0x0000000701a00000| PB 0x0000000701a00000| Untracked 
|   2|0x0000000701c00000, 0x0000000701c00000, 0x0000000701e00000|  0%| F|  |TAMS 0x0000000701c00000| PB 0x0000000701c00000| Untracked 
|   3|0x0000000701e00000, 0x0000000701e00000, 0x0000000702000000|  0%| F|  |TAMS 0x0000000701e00000| PB 0x0000000701e00000| Untracked 
|   4|0x0000000702000000, 0x0000000702000000, 0x0000000702200000|  0%| F|  |TAMS 0x0000000702000000| PB 0x0000000702000000| Untracked 
|   5|0x0000000702200000, 0x0000000702200000, 0x0000000702400000|  0%| F|  |TAMS 0x0000000702200000| PB 0x0000000702200000| Untracked 
|   6|0x0000000702400000, 0x0000000702400000, 0x0000000702600000|  0%| F|  |TAMS 0x0000000702400000| PB 0x0000000702400000| Untracked 
|   7|0x0000000702600000, 0x0000000702600000, 0x0000000702800000|  0%| F|  |TAMS 0x0000000702600000| PB 0x0000000702600000| Untracked 
|   8|0x0000000702800000, 0x0000000702800000, 0x0000000702a00000|  0%| F|  |TAMS 0x0000000702800000| PB 0x0000000702800000| Untracked 
|   9|0x0000000702a00000, 0x0000000702a00000, 0x0000000702c00000|  0%| F|  |TAMS 0x0000000702a00000| PB 0x0000000702a00000| Untracked 
|  10|0x0000000702c00000, 0x0000000702c00000, 0x0000000702e00000|  0%| F|  |TAMS 0x0000000702c00000| PB 0x0000000702c00000| Untracked 
|  11|0x0000000702e00000, 0x0000000702e00000, 0x0000000703000000|  0%| F|  |TAMS 0x0000000702e00000| PB 0x0000000702e00000| Untracked 
|  12|0x0000000703000000, 0x0000000703000000, 0x0000000703200000|  0%| F|  |TAMS 0x0000000703000000| PB 0x0000000703000000| Untracked 
|  13|0x0000000703200000, 0x0000000703200000, 0x0000000703400000|  0%| F|  |TAMS 0x0000000703200000| PB 0x0000000703200000| Untracked 
|  14|0x0000000703400000, 0x0000000703400000, 0x0000000703600000|  0%| F|  |TAMS 0x0000000703400000| PB 0x0000000703400000| Untracked 
|  15|0x0000000703600000, 0x0000000703600000, 0x0000000703800000|  0%| F|  |TAMS 0x0000000703600000| PB 0x0000000703600000| Untracked 
|  16|0x0000000703800000, 0x0000000703800000, 0x0000000703a00000|  0%| F|  |TAMS 0x0000000703800000| PB 0x0000000703800000| Untracked 
|  17|0x0000000703a00000, 0x0000000703a00000, 0x0000000703c00000|  0%| F|  |TAMS 0x0000000703a00000| PB 0x0000000703a00000| Untracked 
|  18|0x0000000703c00000, 0x0000000703c00000, 0x0000000703e00000|  0%| F|  |TAMS 0x0000000703c00000| PB 0x0000000703c00000| Untracked 
|  19|0x0000000703e00000, 0x0000000703e00000, 0x0000000704000000|  0%| F|  |TAMS 0x0000000703e00000| PB 0x0000000703e00000| Untracked 
|  20|0x0000000704000000, 0x0000000704000000, 0x0000000704200000|  0%| F|  |TAMS 0x0000000704000000| PB 0x0000000704000000| Untracked 
|  21|0x0000000704200000, 0x0000000704200000, 0x0000000704400000|  0%| F|  |TAMS 0x0000000704200000| PB 0x0000000704200000| Untracked 
|  22|0x0000000704400000, 0x0000000704400000, 0x0000000704600000|  0%| F|  |TAMS 0x0000000704400000| PB 0x0000000704400000| Untracked 
|  23|0x0000000704600000, 0x0000000704600000, 0x0000000704800000|  0%| F|  |TAMS 0x0000000704600000| PB 0x0000000704600000| Untracked 
|  24|0x0000000704800000, 0x0000000704800000, 0x0000000704a00000|  0%| F|  |TAMS 0x0000000704800000| PB 0x0000000704800000| Untracked 
|  25|0x0000000704a00000, 0x0000000704a00000, 0x0000000704c00000|  0%| F|  |TAMS 0x0000000704a00000| PB 0x0000000704a00000| Untracked 
|  26|0x0000000704c00000, 0x0000000704c00000, 0x0000000704e00000|  0%| F|  |TAMS 0x0000000704c00000| PB 0x0000000704c00000| Untracked 
|  27|0x0000000704e00000, 0x0000000704e00000, 0x0000000705000000|  0%| F|  |TAMS 0x0000000704e00000| PB 0x0000000704e00000| Untracked 
|  28|0x0000000705000000, 0x0000000705000000, 0x0000000705200000|  0%| F|  |TAMS 0x0000000705000000| PB 0x0000000705000000| Untracked 
|  29|0x0000000705200000, 0x0000000705200000, 0x0000000705400000|  0%| F|  |TAMS 0x0000000705200000| PB 0x0000000705200000| Untracked 
|  30|0x0000000705400000, 0x0000000705400000, 0x0000000705600000|  0%| F|  |TAMS 0x0000000705400000| PB 0x0000000705400000| Untracked 
|  31|0x0000000705600000, 0x0000000705600000, 0x0000000705800000|  0%| F|  |TAMS 0x0000000705600000| PB 0x0000000705600000| Untracked 
|  32|0x0000000705800000, 0x0000000705800000, 0x0000000705a00000|  0%| F|  |TAMS 0x0000000705800000| PB 0x0000000705800000| Untracked 
|  33|0x0000000705a00000, 0x0000000705a00000, 0x0000000705c00000|  0%| F|  |TAMS 0x0000000705a00000| PB 0x0000000705a00000| Untracked 
|  34|0x0000000705c00000, 0x0000000705c00000, 0x0000000705e00000|  0%| F|  |TAMS 0x0000000705c00000| PB 0x0000000705c00000| Untracked 
|  35|0x0000000705e00000, 0x0000000705e00000, 0x0000000706000000|  0%| F|  |TAMS 0x0000000705e00000| PB 0x0000000705e00000| Untracked 
|  36|0x0000000706000000, 0x0000000706000000, 0x0000000706200000|  0%| F|  |TAMS 0x0000000706000000| PB 0x0000000706000000| Untracked 
|  37|0x0000000706200000, 0x0000000706200000, 0x0000000706400000|  0%| F|  |TAMS 0x0000000706200000| PB 0x0000000706200000| Untracked 
|  38|0x0000000706400000, 0x0000000706400000, 0x0000000706600000|  0%| F|  |TAMS 0x0000000706400000| PB 0x0000000706400000| Untracked 
|  39|0x0000000706600000, 0x0000000706600000, 0x0000000706800000|  0%| F|  |TAMS 0x0000000706600000| PB 0x0000000706600000| Untracked 
|  40|0x0000000706800000, 0x0000000706800000, 0x0000000706a00000|  0%| F|  |TAMS 0x0000000706800000| PB 0x0000000706800000| Untracked 
|  41|0x0000000706a00000, 0x0000000706a00000, 0x0000000706c00000|  0%| F|  |TAMS 0x0000000706a00000| PB 0x0000000706a00000| Untracked 
|  42|0x0000000706c00000, 0x0000000706c00000, 0x0000000706e00000|  0%| F|  |TAMS 0x0000000706c00000| PB 0x0000000706c00000| Untracked 
|  43|0x0000000706e00000, 0x0000000706e00000, 0x0000000707000000|  0%| F|  |TAMS 0x0000000706e00000| PB 0x0000000706e00000| Untracked 
|  44|0x0000000707000000, 0x0000000707000000, 0x0000000707200000|  0%| F|  |TAMS 0x0000000707000000| PB 0x0000000707000000| Untracked 
|  45|0x0000000707200000, 0x0000000707200000, 0x0000000707400000|  0%| F|  |TAMS 0x0000000707200000| PB 0x0000000707200000| Untracked 
|  46|0x0000000707400000, 0x0000000707400000, 0x0000000707600000|  0%| F|  |TAMS 0x0000000707400000| PB 0x0000000707400000| Untracked 
|  47|0x0000000707600000, 0x0000000707600000, 0x0000000707800000|  0%| F|  |TAMS 0x0000000707600000| PB 0x0000000707600000| Untracked 
|  48|0x0000000707800000, 0x0000000707800000, 0x0000000707a00000|  0%| F|  |TAMS 0x0000000707800000| PB 0x0000000707800000| Untracked 
|  49|0x0000000707a00000, 0x0000000707a00000, 0x0000000707c00000|  0%| F|  |TAMS 0x0000000707a00000| PB 0x0000000707a00000| Untracked 
|  50|0x0000000707c00000, 0x0000000707c00000, 0x0000000707e00000|  0%| F|  |TAMS 0x0000000707c00000| PB 0x0000000707c00000| Untracked 
|  51|0x0000000707e00000, 0x0000000707e00000, 0x0000000708000000|  0%| F|  |TAMS 0x0000000707e00000| PB 0x0000000707e00000| Untracked 
|  52|0x0000000708000000, 0x0000000708000000, 0x0000000708200000|  0%| F|  |TAMS 0x0000000708000000| PB 0x0000000708000000| Untracked 
|  53|0x0000000708200000, 0x0000000708200000, 0x0000000708400000|  0%| F|  |TAMS 0x0000000708200000| PB 0x0000000708200000| Untracked 
|  54|0x0000000708400000, 0x0000000708400000, 0x0000000708600000|  0%| F|  |TAMS 0x0000000708400000| PB 0x0000000708400000| Untracked 
|  55|0x0000000708600000, 0x0000000708600000, 0x0000000708800000|  0%| F|  |TAMS 0x0000000708600000| PB 0x0000000708600000| Untracked 
|  56|0x0000000708800000, 0x0000000708800000, 0x0000000708a00000|  0%| F|  |TAMS 0x0000000708800000| PB 0x0000000708800000| Untracked 
|  57|0x0000000708a00000, 0x0000000708a00000, 0x0000000708c00000|  0%| F|  |TAMS 0x0000000708a00000| PB 0x0000000708a00000| Untracked 
|  58|0x0000000708c00000, 0x0000000708c00000, 0x0000000708e00000|  0%| F|  |TAMS 0x0000000708c00000| PB 0x0000000708c00000| Untracked 
|  59|0x0000000708e00000, 0x0000000708e00000, 0x0000000709000000|  0%| F|  |TAMS 0x0000000708e00000| PB 0x0000000708e00000| Untracked 
|  60|0x0000000709000000, 0x0000000709000000, 0x0000000709200000|  0%| F|  |TAMS 0x0000000709000000| PB 0x0000000709000000| Untracked 
|  61|0x0000000709200000, 0x0000000709200000, 0x0000000709400000|  0%| F|  |TAMS 0x0000000709200000| PB 0x0000000709200000| Untracked 
|  62|0x0000000709400000, 0x0000000709400000, 0x0000000709600000|  0%| F|  |TAMS 0x0000000709400000| PB 0x0000000709400000| Untracked 
|  63|0x0000000709600000, 0x0000000709600000, 0x0000000709800000|  0%| F|  |TAMS 0x0000000709600000| PB 0x0000000709600000| Untracked 
|  64|0x0000000709800000, 0x0000000709800000, 0x0000000709a00000|  0%| F|  |TAMS 0x0000000709800000| PB 0x0000000709800000| Untracked 
|  65|0x0000000709a00000, 0x0000000709a00000, 0x0000000709c00000|  0%| F|  |TAMS 0x0000000709a00000| PB 0x0000000709a00000| Untracked 
|  66|0x0000000709c00000, 0x0000000709c00000, 0x0000000709e00000|  0%| F|  |TAMS 0x0000000709c00000| PB 0x0000000709c00000| Untracked 
|  67|0x0000000709e00000, 0x0000000709e00000, 0x000000070a000000|  0%| F|  |TAMS 0x0000000709e00000| PB 0x0000000709e00000| Untracked 
|  68|0x000000070a000000, 0x000000070a000000, 0x000000070a200000|  0%| F|  |TAMS 0x000000070a000000| PB 0x000000070a000000| Untracked 
|  69|0x000000070a200000, 0x000000070a200000, 0x000000070a400000|  0%| F|  |TAMS 0x000000070a200000| PB 0x000000070a200000| Untracked 
|  70|0x000000070a400000, 0x000000070a400000, 0x000000070a600000|  0%| F|  |TAMS 0x000000070a400000| PB 0x000000070a400000| Untracked 
|  71|0x000000070a600000, 0x000000070a600000, 0x000000070a800000|  0%| F|  |TAMS 0x000000070a600000| PB 0x000000070a600000| Untracked 
|  72|0x000000070a800000, 0x000000070a800000, 0x000000070aa00000|  0%| F|  |TAMS 0x000000070a800000| PB 0x000000070a800000| Untracked 
|  73|0x000000070aa00000, 0x000000070aa00000, 0x000000070ac00000|  0%| F|  |TAMS 0x000000070aa00000| PB 0x000000070aa00000| Untracked 
|  74|0x000000070ac00000, 0x000000070ac00000, 0x000000070ae00000|  0%| F|  |TAMS 0x000000070ac00000| PB 0x000000070ac00000| Untracked 
|  75|0x000000070ae00000, 0x000000070ae00000, 0x000000070b000000|  0%| F|  |TAMS 0x000000070ae00000| PB 0x000000070ae00000| Untracked 
|  76|0x000000070b000000, 0x000000070b000000, 0x000000070b200000|  0%| F|  |TAMS 0x000000070b000000| PB 0x000000070b000000| Untracked 
|  77|0x000000070b200000, 0x000000070b200000, 0x000000070b400000|  0%| F|  |TAMS 0x000000070b200000| PB 0x000000070b200000| Untracked 
|  78|0x000000070b400000, 0x000000070b400000, 0x000000070b600000|  0%| F|  |TAMS 0x000000070b400000| PB 0x000000070b400000| Untracked 
|  79|0x000000070b600000, 0x000000070b600000, 0x000000070b800000|  0%| F|  |TAMS 0x000000070b600000| PB 0x000000070b600000| Untracked 
|  80|0x000000070b800000, 0x000000070b800000, 0x000000070ba00000|  0%| F|  |TAMS 0x000000070b800000| PB 0x000000070b800000| Untracked 
|  81|0x000000070ba00000, 0x000000070ba00000, 0x000000070bc00000|  0%| F|  |TAMS 0x000000070ba00000| PB 0x000000070ba00000| Untracked 
|  82|0x000000070bc00000, 0x000000070bc00000, 0x000000070be00000|  0%| F|  |TAMS 0x000000070bc00000| PB 0x000000070bc00000| Untracked 
|  83|0x000000070be00000, 0x000000070be00000, 0x000000070c000000|  0%| F|  |TAMS 0x000000070be00000| PB 0x000000070be00000| Untracked 
|  84|0x000000070c000000, 0x000000070c000000, 0x000000070c200000|  0%| F|  |TAMS 0x000000070c000000| PB 0x000000070c000000| Untracked 
|  85|0x000000070c200000, 0x000000070c200000, 0x000000070c400000|  0%| F|  |TAMS 0x000000070c200000| PB 0x000000070c200000| Untracked 
|  86|0x000000070c400000, 0x000000070c600000, 0x000000070c600000|100%| E|  |TAMS 0x000000070c400000| PB 0x000000070c400000| Complete 
|  87|0x000000070c600000, 0x000000070c800000, 0x000000070c800000|100%| E|CS|TAMS 0x000000070c600000| PB 0x000000070c600000| Complete 
|  88|0x000000070c800000, 0x000000070ca00000, 0x000000070ca00000|100%| E|CS|TAMS 0x000000070c800000| PB 0x000000070c800000| Complete 
|  89|0x000000070ca00000, 0x000000070cc00000, 0x000000070cc00000|100%| E|CS|TAMS 0x000000070ca00000| PB 0x000000070ca00000| Complete 
|  90|0x000000070cc00000, 0x000000070ce00000, 0x000000070ce00000|100%| E|CS|TAMS 0x000000070cc00000| PB 0x000000070cc00000| Complete 
|  91|0x000000070ce00000, 0x000000070d000000, 0x000000070d000000|100%| E|CS|TAMS 0x000000070ce00000| PB 0x000000070ce00000| Complete 
|  92|0x000000070d000000, 0x000000070d200000, 0x000000070d200000|100%| E|CS|TAMS 0x000000070d000000| PB 0x000000070d000000| Complete 
|  93|0x000000070d200000, 0x000000070d400000, 0x000000070d400000|100%| E|CS|TAMS 0x000000070d200000| PB 0x000000070d200000| Complete 
|  94|0x000000070d400000, 0x000000070d600000, 0x000000070d600000|100%| E|CS|TAMS 0x000000070d400000| PB 0x000000070d400000| Complete 
|  95|0x000000070d600000, 0x000000070d800000, 0x000000070d800000|100%| E|CS|TAMS 0x000000070d600000| PB 0x000000070d600000| Complete 
|  96|0x000000070d800000, 0x000000070da00000, 0x000000070da00000|100%| E|CS|TAMS 0x000000070d800000| PB 0x000000070d800000| Complete 
|  97|0x000000070da00000, 0x000000070dc00000, 0x000000070dc00000|100%| E|CS|TAMS 0x000000070da00000| PB 0x000000070da00000| Complete 
|  98|0x000000070dc00000, 0x000000070de00000, 0x000000070de00000|100%| E|CS|TAMS 0x000000070dc00000| PB 0x000000070dc00000| Complete 
|  99|0x000000070de00000, 0x000000070e000000, 0x000000070e000000|100%| E|CS|TAMS 0x000000070de00000| PB 0x000000070de00000| Complete 
| 100|0x000000070e000000, 0x000000070e200000, 0x000000070e200000|100%| E|CS|TAMS 0x000000070e000000| PB 0x000000070e000000| Complete 
| 101|0x000000070e200000, 0x000000070e400000, 0x000000070e400000|100%| E|CS|TAMS 0x000000070e200000| PB 0x000000070e200000| Complete 
| 102|0x000000070e400000, 0x000000070e600000, 0x000000070e600000|100%| E|CS|TAMS 0x000000070e400000| PB 0x000000070e400000| Complete 
| 103|0x000000070e600000, 0x000000070e800000, 0x000000070e800000|100%| E|CS|TAMS 0x000000070e600000| PB 0x000000070e600000| Complete 
| 104|0x000000070e800000, 0x000000070ea00000, 0x000000070ea00000|100%| E|CS|TAMS 0x000000070e800000| PB 0x000000070e800000| Complete 
| 105|0x000000070ea00000, 0x000000070ec00000, 0x000000070ec00000|100%| E|CS|TAMS 0x000000070ea00000| PB 0x000000070ea00000| Complete 
| 106|0x000000070ec00000, 0x000000070ee00000, 0x000000070ee00000|100%| E|CS|TAMS 0x000000070ec00000| PB 0x000000070ec00000| Complete 
| 107|0x000000070ee00000, 0x000000070f000000, 0x000000070f000000|100%| E|CS|TAMS 0x000000070ee00000| PB 0x000000070ee00000| Complete 
| 108|0x000000070f000000, 0x000000070f200000, 0x000000070f200000|100%| E|CS|TAMS 0x000000070f000000| PB 0x000000070f000000| Complete 
| 109|0x000000070f200000, 0x000000070f400000, 0x000000070f400000|100%| E|CS|TAMS 0x000000070f200000| PB 0x000000070f200000| Complete 
| 110|0x000000070f400000, 0x000000070f5fc238, 0x000000070f600000| 99%| S|CS|TAMS 0x000000070f400000| PB 0x000000070f400000| Complete 
| 111|0x000000070f600000, 0x000000070f800000, 0x000000070f800000|100%| E|CS|TAMS 0x000000070f600000| PB 0x000000070f600000| Complete 
| 112|0x000000070f800000, 0x000000070fa00000, 0x000000070fa00000|100%| E|CS|TAMS 0x000000070f800000| PB 0x000000070f800000| Complete 
| 113|0x000000070fa00000, 0x000000070fc00000, 0x000000070fc00000|100%| E|CS|TAMS 0x000000070fa00000| PB 0x000000070fa00000| Complete 
| 114|0x000000070fc00000, 0x000000070fe00000, 0x000000070fe00000|100%| E|CS|TAMS 0x000000070fc00000| PB 0x000000070fc00000| Complete 
| 115|0x000000070fe00000, 0x0000000710000000, 0x0000000710000000|100%| E|CS|TAMS 0x000000070fe00000| PB 0x000000070fe00000| Complete 
| 116|0x0000000710000000, 0x0000000710200000, 0x0000000710200000|100%| E|CS|TAMS 0x0000000710000000| PB 0x0000000710000000| Complete 
| 117|0x0000000710200000, 0x0000000710400000, 0x0000000710400000|100%| E|CS|TAMS 0x0000000710200000| PB 0x0000000710200000| Complete 
| 118|0x0000000710400000, 0x0000000710600000, 0x0000000710600000|100%| E|CS|TAMS 0x0000000710400000| PB 0x0000000710400000| Complete 
| 119|0x0000000710600000, 0x0000000710800000, 0x0000000710800000|100%| E|CS|TAMS 0x0000000710600000| PB 0x0000000710600000| Complete 
| 120|0x0000000710800000, 0x0000000710a00000, 0x0000000710a00000|100%| E|CS|TAMS 0x0000000710800000| PB 0x0000000710800000| Complete 
| 121|0x0000000710a00000, 0x0000000710c00000, 0x0000000710c00000|100%| E|CS|TAMS 0x0000000710a00000| PB 0x0000000710a00000| Complete 
| 122|0x0000000710c00000, 0x0000000710e00000, 0x0000000710e00000|100%| E|CS|TAMS 0x0000000710c00000| PB 0x0000000710c00000| Complete 
| 123|0x0000000710e00000, 0x0000000711000000, 0x0000000711000000|100%| E|CS|TAMS 0x0000000710e00000| PB 0x0000000710e00000| Complete 
| 124|0x0000000711000000, 0x0000000711200000, 0x0000000711200000|100%| E|CS|TAMS 0x0000000711000000| PB 0x0000000711000000| Complete 
| 125|0x0000000711200000, 0x0000000711400000, 0x0000000711400000|100%| E|CS|TAMS 0x0000000711200000| PB 0x0000000711200000| Complete 
| 126|0x0000000711400000, 0x0000000711600000, 0x0000000711600000|100%| E|CS|TAMS 0x0000000711400000| PB 0x0000000711400000| Complete 
| 127|0x0000000711600000, 0x0000000711800000, 0x0000000711800000|100%| E|CS|TAMS 0x0000000711600000| PB 0x0000000711600000| Complete 

Card table byte_map: [0x00000268f4b20000,0x00000268f5320000] _byte_map_base: 0x00000268f1314000

Marking Bits: (CMBitMap*) 0x00000268eb9c9ad0
 Bits: [0x00000268f5320000, 0x00000268f92c0000)

Polling page: 0x00000268e9940000

Metaspace:

Usage:
  Non-class:     15.40 MB used.
      Class:      2.00 MB used.
       Both:     17.41 MB used.

Virtual space:
  Non-class space:       64.00 MB reserved,      15.56 MB ( 24%) committed,  1 nodes.
      Class space:        1.00 GB reserved,       2.19 MB ( <1%) committed,  1 nodes.
             Both:        1.06 GB reserved,      17.75 MB (  2%) committed. 

Chunk freelists:
   Non-Class:  24.00 KB
       Class:  13.74 MB
        Both:  13.76 MB

MaxMetaspaceSize: unlimited
CompressedClassSpaceSize: 1.00 GB
Initial GC threshold: 21.00 MB
Current GC threshold: 21.00 MB
CDS: on
 - commit_granule_bytes: 65536.
 - commit_granule_words: 8192.
 - virtual_space_node_default_size: 8388608.
 - enlarge_chunks_in_place: 1.
 - use_allocation_guard: 0.


Internal statistics:

num_allocs_failed_limit: 0.
num_arena_births: 190.
num_arena_deaths: 0.
num_vsnodes_births: 2.
num_vsnodes_deaths: 0.
num_space_committed: 284.
num_space_uncommitted: 0.
num_chunks_returned_to_freelist: 0.
num_chunks_taken_from_freelist: 794.
num_chunk_merges: 0.
num_chunk_splits: 553.
num_chunks_enlarged: 449.
num_inconsistent_stats: 0.

CodeHeap 'non-profiled nmethods': size=120000Kb used=1923Kb max_used=1923Kb free=118076Kb
 bounds [0x0000026887ad0000, 0x0000026887d40000, 0x000002688f000000]
CodeHeap 'profiled nmethods': size=120000Kb used=7650Kb max_used=7650Kb free=112349Kb
 bounds [0x0000026880000000, 0x0000026880780000, 0x0000026887530000]
CodeHeap 'non-nmethods': size=5760Kb used=1404Kb max_used=1463Kb free=4355Kb
 bounds [0x0000026887530000, 0x00000268877a0000, 0x0000026887ad0000]
 total_blobs=4460 nmethods=3962 adapters=402
 compilation: enabled
              stopped_count=0, restarted_count=0
 full_count=0

Compilation events (20 events):
Event: 29.033 Thread 0x00000268d4fcf150 nmethod 3965 0x0000026887caf590 code [0x0000026887caf720, 0x0000026887caf7e0]
Event: 29.034 Thread 0x00000268fbf387a0 nmethod 3962 0x0000026880773690 code [0x00000268807739a0, 0x0000026880774c08]
Event: 29.034 Thread 0x00000268fbf387a0 3961       3       java.lang.ProcessEnvironment$CheckedEntry::getKey (13 bytes)
Event: 29.034 Thread 0x00000268fbf387a0 nmethod 3961 0x0000026880775410 code [0x00000268807755c0, 0x0000026880775890]
Event: 29.034 Thread 0x00000268fbf387a0 3963       3       java.lang.ProcessEnvironment$EntryComparator::compare (13 bytes)
Event: 29.034 Thread 0x00000268fbf387a0 nmethod 3963 0x0000026880775990 code [0x0000026880775ba0, 0x00000268807762f8]
Event: 29.034 Thread 0x00000268fbf387a0 3964       3       java.lang.ProcessEnvironment$EntryComparator::compare (25 bytes)
Event: 29.034 Thread 0x00000268fbf387a0 nmethod 3964 0x0000026880776490 code [0x0000026880776680, 0x0000026880776b60]
Event: 29.102 Thread 0x00000268fbf37d00 nmethod 3944 0x0000026887caf890 code [0x0000026887cafa60, 0x0000026887cafd88]
Event: 31.312 Thread 0x00000268fbf387a0 3969       3       jdk.internal.org.objectweb.asm.AnnotationWriter::create (34 bytes)
Event: 31.313 Thread 0x00000268fbf387a0 nmethod 3969 0x0000026880776d10 code [0x0000026880776f20, 0x00000268807773e8]
Event: 31.313 Thread 0x00000268fbf387a0 3970       3       jdk.internal.org.objectweb.asm.AnnotationWriter::<init> (60 bytes)
Event: 31.313 Thread 0x00000268fbf387a0 nmethod 3970 0x0000026880777610 code [0x00000268807777e0, 0x0000026880777bf0]
Event: 31.313 Thread 0x00000268fbf387a0 3971       3       jdk.internal.org.objectweb.asm.AnnotationVisitor::<init> (7 bytes)
Event: 31.313 Thread 0x00000268fbf387a0 nmethod 3971 0x0000026880777d90 code [0x0000026880777f40, 0x0000026880778088]
Event: 31.352 Thread 0x00000268fbf387a0 3972       3       java.util.concurrent.ConcurrentHashMap::containsKey (14 bytes)
Event: 31.352 Thread 0x00000268fbf387a0 nmethod 3972 0x0000026880778110 code [0x00000268807782c0, 0x0000026880778470]
Event: 31.632 Thread 0x00000268fbf387a0 3973   !   3       java.io.FileInputStream::available (24 bytes)
Event: 31.632 Thread 0x00000268fbf387a0 nmethod 3973 0x0000026880778510 code [0x00000268807786e0, 0x00000268807788f0]
Event: 31.632 Thread 0x00000268fbf387a0 3975       3       org.fusesource.jansi.io.AnsiOutputStream::write (898 bytes)

GC Heap History (4 events):
Event: 1.166 GC heap before
{Heap before GC invocations=0 (full 0):
 garbage-first heap   total 262144K, used 22528K [0x0000000701800000, 0x0000000800000000)
  region size 2048K, 11 young (22528K), 0 survivors (0K)
 Metaspace       used 5730K, committed 5952K, reserved 1114112K
  class space    used 662K, committed 768K, reserved 1048576K
}
Event: 1.196 GC heap after
{Heap after GC invocations=1 (full 0):
 garbage-first heap   total 262144K, used 4096K [0x0000000701800000, 0x0000000800000000)
  region size 2048K, 2 young (4096K), 2 survivors (4096K)
 Metaspace       used 5730K, committed 5952K, reserved 1114112K
  class space    used 662K, committed 768K, reserved 1048576K
}
Event: 2.821 GC heap before
{Heap before GC invocations=1 (full 0):
 garbage-first heap   total 262144K, used 34816K [0x0000000701800000, 0x0000000800000000)
  region size 2048K, 17 young (34816K), 2 survivors (4096K)
 Metaspace       used 10371K, committed 10560K, reserved 1114112K
  class space    used 1236K, committed 1344K, reserved 1048576K
}
Event: 2.825 GC heap after
{Heap after GC invocations=2 (full 0):
 garbage-first heap   total 262144K, used 5770K [0x0000000701800000, 0x0000000800000000)
  region size 2048K, 1 young (2048K), 1 survivors (2048K)
 Metaspace       used 10371K, committed 10560K, reserved 1114112K
  class space    used 1236K, committed 1344K, reserved 1048576K
}

Dll operation events (8 events):
Event: 0.020 Loaded shared library C:\Program Files\Java\jdk-21\bin\java.dll
Event: 0.216 Loaded shared library C:\Program Files\Java\jdk-21\bin\net.dll
Event: 0.217 Loaded shared library C:\Program Files\Java\jdk-21\bin\jsvml.dll
Event: 0.219 Loaded shared library C:\Program Files\Java\jdk-21\bin\nio.dll
Event: 0.223 Loaded shared library C:\Program Files\Java\jdk-21\bin\zip.dll
Event: 0.409 Loaded shared library C:\Program Files\Java\jdk-21\bin\jimage.dll
Event: 0.418 Loaded shared library C:\Program Files\NetBeans-19\netbeans\java\maven\lib\jansi-native\Windows\x86_64\jansi.dll
Event: 0.445 Loaded shared library C:\Program Files\Java\jdk-21\bin\verify.dll

Deoptimization events (20 events):
Event: 29.026 Thread 0x00000268e9691260 Uncommon trap: trap_request=0xffffffc6 fr.pc=0x0000026887b4831c relative=0x00000000000007fc
Event: 29.026 Thread 0x00000268e9691260 Uncommon trap: reason=bimorphic_or_optimized_type_check action=maybe_recompile pc=0x0000026887b4831c method=java.util.HashMap.putVal(ILjava/lang/Object;Ljava/lang/Object;ZZ)Ljava/lang/Object; @ 253 c2
Event: 29.026 Thread 0x00000268e9691260 DEOPT PACKING pc=0x0000026887b4831c sp=0x000000bd51afdfb0
Event: 29.026 Thread 0x00000268e9691260 DEOPT UNPACKING pc=0x00000268875846a2 sp=0x000000bd51afdf70 mode 2
Event: 29.032 Thread 0x00000268e9691260 Uncommon trap: trap_request=0xffffffbe fr.pc=0x0000026887ca8e58 relative=0x0000000000001238
Event: 29.032 Thread 0x00000268e9691260 Uncommon trap: reason=profile_predicate action=maybe_recompile pc=0x0000026887ca8e58 method=java.util.TimSort.binarySort([Ljava/lang/Object;IIILjava/util/Comparator;)V @ 34 c2
Event: 29.032 Thread 0x00000268e9691260 DEOPT PACKING pc=0x0000026887ca8e58 sp=0x000000bd51afdc40
Event: 29.032 Thread 0x00000268e9691260 DEOPT UNPACKING pc=0x00000268875846a2 sp=0x000000bd51afdc10 mode 2
Event: 29.033 Thread 0x00000268e9691260 Uncommon trap: trap_request=0xffffffbe fr.pc=0x0000026887ca8e58 relative=0x0000000000001238
Event: 29.033 Thread 0x00000268e9691260 Uncommon trap: reason=profile_predicate action=maybe_recompile pc=0x0000026887ca8e58 method=java.util.TimSort.binarySort([Ljava/lang/Object;IIILjava/util/Comparator;)V @ 34 c2
Event: 29.033 Thread 0x00000268e9691260 DEOPT PACKING pc=0x0000026887ca8e58 sp=0x000000bd51afdc40
Event: 29.033 Thread 0x00000268e9691260 DEOPT UNPACKING pc=0x00000268875846a2 sp=0x000000bd51afdc10 mode 2
Event: 29.033 Thread 0x00000268e9691260 Uncommon trap: trap_request=0xffffffbe fr.pc=0x0000026887ca8e58 relative=0x0000000000001238
Event: 29.033 Thread 0x00000268e9691260 Uncommon trap: reason=profile_predicate action=maybe_recompile pc=0x0000026887ca8e58 method=java.util.TimSort.binarySort([Ljava/lang/Object;IIILjava/util/Comparator;)V @ 34 c2
Event: 29.033 Thread 0x00000268e9691260 DEOPT PACKING pc=0x0000026887ca8e58 sp=0x000000bd51afdc40
Event: 29.033 Thread 0x00000268e9691260 DEOPT UNPACKING pc=0x00000268875846a2 sp=0x000000bd51afdc10 mode 2
Event: 29.033 Thread 0x00000268e9691260 Uncommon trap: trap_request=0xffffffbe fr.pc=0x0000026887ca8e58 relative=0x0000000000001238
Event: 29.033 Thread 0x00000268e9691260 Uncommon trap: reason=profile_predicate action=maybe_recompile pc=0x0000026887ca8e58 method=java.util.TimSort.binarySort([Ljava/lang/Object;IIILjava/util/Comparator;)V @ 34 c2
Event: 29.033 Thread 0x00000268e9691260 DEOPT PACKING pc=0x0000026887ca8e58 sp=0x000000bd51afdc40
Event: 29.033 Thread 0x00000268e9691260 DEOPT UNPACKING pc=0x00000268875846a2 sp=0x000000bd51afdc10 mode 2

Classes loaded (20 events):
Event: 31.350 Loading class jdk/internal/logger/LazyLoggers
Event: 31.350 Loading class jdk/internal/logger/LazyLoggers done
Event: 31.350 Loading class jdk/internal/logger/LazyLoggers$1
Event: 31.350 Loading class jdk/internal/logger/LazyLoggers$1 done
Event: 31.350 Loading class jdk/internal/logger/LazyLoggers$LazyLoggerFactories
Event: 31.350 Loading class jdk/internal/logger/LazyLoggers$LazyLoggerFactories done
Event: 31.351 Loading class jdk/internal/logger/LoggerFinderLoader
Event: 31.351 Loading class jdk/internal/logger/LoggerFinderLoader done
Event: 31.351 Loading class jdk/internal/logger/LoggerFinderLoader$TemporaryLoggerFinder
Event: 31.351 Loading class jdk/internal/logger/LoggerFinderLoader$TemporaryLoggerFinder done
Event: 31.352 Loading class sun/util/logging/internal/LoggingProviderImpl$JULWrapper
Event: 31.352 Loading class sun/util/logging/PlatformLogger$ConfigurableBridge$LoggerConfiguration
Event: 31.352 Loading class sun/util/logging/PlatformLogger$ConfigurableBridge$LoggerConfiguration done
Event: 31.352 Loading class sun/util/logging/internal/LoggingProviderImpl$JULWrapper done
Event: 31.352 Loading class java/lang/System$Logger$Level
Event: 31.352 Loading class java/lang/System$Logger$Level done
Event: 31.353 Loading class java/io/PipedOutputStream
Event: 31.353 Loading class java/io/PipedOutputStream done
Event: 31.413 Loading class jdk/internal/event/ThreadSleepEvent
Event: 31.413 Loading class jdk/internal/event/ThreadSleepEvent done

Classes unloaded (0 events):
No events

Classes redefined (0 events):
No events

Internal exceptions (20 events):
Event: 28.617 Thread 0x00000268e9691260 Exception <a 'java/io/IOException'{0x000000070ca01420}> (0x000000070ca01420) 
thrown [s\open\src\hotspot\share\prims\jni.cpp, line 520]
Event: 28.617 Thread 0x00000268e9691260 Exception <a 'java/io/IOException'{0x000000070ca019f8}> (0x000000070ca019f8) 
thrown [s\open\src\hotspot\share\prims\jni.cpp, line 520]
Event: 28.617 Thread 0x00000268e9691260 Exception <a 'java/io/IOException'{0x000000070ca021e8}> (0x000000070ca021e8) 
thrown [s\open\src\hotspot\share\prims\jni.cpp, line 520]
Event: 28.617 Thread 0x00000268e9691260 Exception <a 'java/io/IOException'{0x000000070ca027f8}> (0x000000070ca027f8) 
thrown [s\open\src\hotspot\share\prims\jni.cpp, line 520]
Event: 28.617 Thread 0x00000268e9691260 Exception <a 'java/io/IOException'{0x000000070ca02dd0}> (0x000000070ca02dd0) 
thrown [s\open\src\hotspot\share\prims\jni.cpp, line 520]
Event: 28.617 Thread 0x00000268e9691260 Exception <a 'java/io/IOException'{0x000000070ca033a8}> (0x000000070ca033a8) 
thrown [s\open\src\hotspot\share\prims\jni.cpp, line 520]
Event: 28.618 Thread 0x00000268e9691260 Exception <a 'java/io/IOException'{0x000000070ca04080}> (0x000000070ca04080) 
thrown [s\open\src\hotspot\share\prims\jni.cpp, line 520]
Event: 28.618 Thread 0x00000268e9691260 Exception <a 'java/io/IOException'{0x000000070ca04690}> (0x000000070ca04690) 
thrown [s\open\src\hotspot\share\prims\jni.cpp, line 520]
Event: 28.618 Thread 0x00000268e9691260 Exception <a 'java/io/IOException'{0x000000070ca04c68}> (0x000000070ca04c68) 
thrown [s\open\src\hotspot\share\prims\jni.cpp, line 520]
Event: 28.618 Thread 0x00000268e9691260 Exception <a 'java/io/IOException'{0x000000070ca05240}> (0x000000070ca05240) 
thrown [s\open\src\hotspot\share\prims\jni.cpp, line 520]
Event: 31.310 Thread 0x00000268e9691260 Exception <a 'java/lang/NoSuchMethodError'{0x000000070c6b8438}: 'void java.lang.invoke.DirectMethodHandle$Holder.invokeStatic(java.lang.Object, long)'> (0x000000070c6b8438) 
thrown [s\open\src\hotspot\share\interpreter\linkResolver.cpp, line 773]
Event: 31.311 Thread 0x00000268e9691260 Exception <a 'java/lang/NoSuchMethodError'{0x000000070c6bd1c0}: 'java.lang.Object java.lang.invoke.DirectMethodHandle$Holder.newInvokeSpecial(java.lang.Object, long)'> (0x000000070c6bd1c0) 
thrown [s\open\src\hotspot\share\interpreter\linkResolver.cpp, line 773]
Event: 31.312 Thread 0x00000268e9691260 Exception <a 'java/lang/NoSuchMethodError'{0x000000070c6c3c78}: 'java.lang.Object java.lang.invoke.DirectMethodHandle$Holder.invokeStatic(java.lang.Object, long, java.lang.Object)'> (0x000000070c6c3c78) 
thrown [s\open\src\hotspot\share\interpreter\linkResolver.cpp, line 773]
Event: 31.312 Thread 0x00000268e9691260 Exception <a 'java/lang/NoSuchMethodError'{0x000000070c6c7400}: 'java.lang.Object java.lang.invoke.DirectMethodHandle$Holder.invokeStaticInit(java.lang.Object, long, java.lang.Object)'> (0x000000070c6c7400) 
thrown [s\open\src\hotspot\share\interpreter\linkResolver.cpp, line 773]
Event: 31.632 Thread 0x00000268d58ceb40 Exception <a 'java/io/IOException'{0x000000070c743830}> (0x000000070c743830) 
thrown [s\open\src\hotspot\share\prims\jni.cpp, line 520]
Event: 31.632 Thread 0x00000268d4fcf150 Exception <a 'java/io/IOException'{0x000000070c400460}> (0x000000070c400460) 
thrown [s\open\src\hotspot\share\prims\jni.cpp, line 520]
Event: 31.632 Thread 0x00000268d4fcf150 Exception <a 'java/io/IOException'{0x000000070c5009f0}> (0x000000070c5009f0) 
thrown [s\open\src\hotspot\share\prims\jni.cpp, line 520]
Event: 31.632 Thread 0x00000268d58ceb40 Exception <a 'java/io/IOException'{0x000000070c743b58}> (0x000000070c743b58) 
thrown [s\open\src\hotspot\share\prims\jni.cpp, line 520]
Event: 31.633 Thread 0x00000268d58ceb40 Exception <a 'java/io/IOException'{0x000000070c743e80}> (0x000000070c743e80) 
thrown [s\open\src\hotspot\share\prims\jni.cpp, line 520]
Event: 31.633 Thread 0x00000268d58ceb40 Exception <a 'java/io/IOException'{0x000000070c7441a8}> (0x000000070c7441a8) 
thrown [s\open\src\hotspot\share\prims\jni.cpp, line 520]

ZGC Phase Switch (0 events):
No events

VM Operations (20 events):
Event: 24.107 Executing VM operation: HandshakeAllThreads (Deoptimize)
Event: 24.107 Executing VM operation: HandshakeAllThreads (Deoptimize) done
Event: 24.107 Executing VM operation: Cleanup
Event: 24.107 Executing VM operation: Cleanup done
Event: 24.109 Executing VM operation: HandshakeAllThreads (Deoptimize)
Event: 24.109 Executing VM operation: HandshakeAllThreads (Deoptimize) done
Event: 24.110 Executing VM operation: HandshakeAllThreads (Deoptimize)
Event: 24.110 Executing VM operation: HandshakeAllThreads (Deoptimize) done
Event: 25.111 Executing VM operation: Cleanup
Event: 25.154 Executing VM operation: Cleanup done
Event: 26.154 Executing VM operation: Cleanup
Event: 26.154 Executing VM operation: Cleanup done
Event: 27.154 Executing VM operation: Cleanup
Event: 27.485 Executing VM operation: Cleanup done
Event: 28.486 Executing VM operation: Cleanup
Event: 28.487 Executing VM operation: Cleanup done
Event: 30.488 Executing VM operation: Cleanup
Event: 30.488 Executing VM operation: Cleanup done
Event: 31.323 Executing VM operation: HandshakeAllThreads (Deoptimize)
Event: 31.323 Executing VM operation: HandshakeAllThreads (Deoptimize) done

Events (20 events):
Event: 1.097 Thread 0x00000268d4d0a4b0 Thread added: 0x00000268d4d0a4b0
Event: 1.877 Thread 0x00000268d4d0a4b0 Thread exited: 0x00000268d4d0a4b0
Event: 1.878 Thread 0x00000268d4277b80 Thread exited: 0x00000268d4277b80
Event: 4.085 Thread 0x00000268d5dbaf00 Thread added: 0x00000268d5dbaf00
Event: 9.294 Thread 0x00000268d5dbaf00 Thread exited: 0x00000268d5dbaf00
Event: 24.412 Thread 0x00000268d5dbaf00 Thread added: 0x00000268d5dbaf00
Event: 24.620 Thread 0x00000268d4ee4e60 Thread added: 0x00000268d4ee4e60
Event: 25.154 Thread 0x00000268d4ee4e60 Thread exited: 0x00000268d4ee4e60
Event: 26.113 Thread 0x00000268d5dbaf00 Thread exited: 0x00000268d5dbaf00
Event: 26.364 Thread 0x00000268d5c4c7a0 Thread added: 0x00000268d5c4c7a0
Event: 26.885 Thread 0x00000268d58ceb40 Thread added: 0x00000268d58ceb40
Event: 27.778 Thread 0x00000268d5c4c7a0 Thread exited: 0x00000268d5c4c7a0
Event: 27.778 Thread 0x00000268d58ceb40 Thread exited: 0x00000268d58ceb40
Event: 27.971 Thread 0x00000268d58ceb40 Thread added: 0x00000268d58ceb40
Event: 28.604 Thread 0x00000268d4fcf150 Thread added: 0x00000268d4fcf150
Event: 31.312 Thread 0x00000268d4fcf150 Thread exited: 0x00000268d4fcf150
Event: 31.313 Thread 0x00000268d58ceb40 Thread exited: 0x00000268d58ceb40
Event: 31.354 Thread 0x00000268d58ceb40 Thread added: 0x00000268d58ceb40
Event: 31.354 Thread 0x00000268d4fcf150 Thread added: 0x00000268d4fcf150
Event: 31.354 Thread 0x00000268d4a97250 Thread added: 0x00000268d4a97250


Dynamic libraries:
0x00007ff7fae30000 - 0x00007ff7fae40000 	C:\Program Files\Java\jdk-21\bin\java.exe
0x00007ffb67c10000 - 0x00007ffb67e08000 	C:\Windows\SYSTEM32\ntdll.dll
0x00007ffb34690000 - 0x00007ffb346a9000 	C:\Program Files\Avast Software\Avast\aswhook.dll
0x00007ffb67b10000 - 0x00007ffb67bcd000 	C:\Windows\System32\KERNEL32.DLL
0x00007ffb65540000 - 0x00007ffb65836000 	C:\Windows\System32\KERNELBASE.dll
0x00007ffb65360000 - 0x00007ffb65460000 	C:\Windows\System32\ucrtbase.dll
0x00007ffb5f0f0000 - 0x00007ffb5f109000 	C:\Program Files\Java\jdk-21\bin\jli.dll
0x00007ffb664b0000 - 0x00007ffb66560000 	C:\Windows\System32\ADVAPI32.dll
0x00007ffb67540000 - 0x00007ffb675de000 	C:\Windows\System32\msvcrt.dll
0x00007ffb65d70000 - 0x00007ffb65e10000 	C:\Windows\System32\sechost.dll
0x00007ffb66ee0000 - 0x00007ffb67003000 	C:\Windows\System32\RPCRT4.dll
0x00007ffb65510000 - 0x00007ffb65537000 	C:\Windows\System32\bcrypt.dll
0x00007ffb65f00000 - 0x00007ffb6609f000 	C:\Windows\System32\USER32.dll
0x00007ffb65c10000 - 0x00007ffb65c32000 	C:\Windows\System32\win32u.dll
0x00007ffb67ae0000 - 0x00007ffb67b0b000 	C:\Windows\System32\GDI32.dll
0x00007ffb658b0000 - 0x00007ffb659c7000 	C:\Windows\System32\gdi32full.dll
0x00007ffb652c0000 - 0x00007ffb6535d000 	C:\Windows\System32\msvcp_win.dll
0x00007ffb53460000 - 0x00007ffb5347b000 	C:\Program Files\Java\jdk-21\bin\VCRUNTIME140.dll
0x00007ffb4e220000 - 0x00007ffb4e4ba000 	C:\Windows\WinSxS\amd64_microsoft.windows.common-controls_6595b64144ccf1df_6.0.19041.3636_none_60b6a03d71f818d5\COMCTL32.dll
0x00007ffb5d0d0000 - 0x00007ffb5d0da000 	C:\Windows\SYSTEM32\VERSION.dll
0x00007ffb65e10000 - 0x00007ffb65e42000 	C:\Windows\System32\IMM32.DLL
0x00007ffb5f1c0000 - 0x00007ffb5f1cc000 	C:\Program Files\Java\jdk-21\bin\vcruntime140_1.dll
0x00007ffb41410000 - 0x00007ffb4149e000 	C:\Program Files\Java\jdk-21\bin\msvcp140.dll
0x00007ffada310000 - 0x00007ffadb027000 	C:\Program Files\Java\jdk-21\bin\server\jvm.dll
0x00007ffb66e60000 - 0x00007ffb66ecb000 	C:\Windows\System32\WS2_32.dll
0x00007ffb64ad0000 - 0x00007ffb64b1b000 	C:\Windows\SYSTEM32\POWRPROF.dll
0x00007ffb5ccc0000 - 0x00007ffb5cce7000 	C:\Windows\SYSTEM32\WINMM.dll
0x00007ffb64ab0000 - 0x00007ffb64ac2000 	C:\Windows\SYSTEM32\UMPDC.dll
0x00007ffb63170000 - 0x00007ffb63182000 	C:\Windows\SYSTEM32\kernel.appcore.dll
0x00007ffb5f180000 - 0x00007ffb5f18a000 	C:\Program Files\Java\jdk-21\bin\jimage.dll
0x00007ffb5b9a0000 - 0x00007ffb5bb84000 	C:\Windows\SYSTEM32\DBGHELP.DLL
0x00007ffb5cc80000 - 0x00007ffb5ccb4000 	C:\Windows\SYSTEM32\dbgcore.DLL
0x00007ffb659d0000 - 0x00007ffb65a52000 	C:\Windows\System32\bcryptPrimitives.dll
0x00007ffb513e0000 - 0x00007ffb513ff000 	C:\Program Files\Java\jdk-21\bin\java.dll
0x00007ffb66650000 - 0x00007ffb66dbb000 	C:\Windows\System32\SHELL32.dll
0x00007ffb63370000 - 0x00007ffb63b0e000 	C:\Windows\SYSTEM32\windows.storage.dll
0x00007ffb66150000 - 0x00007ffb664a3000 	C:\Windows\System32\combase.dll
0x00007ffb64cf0000 - 0x00007ffb64d1e000 	C:\Windows\SYSTEM32\Wldp.dll
0x00007ffb678f0000 - 0x00007ffb679bd000 	C:\Windows\System32\OLEAUT32.dll
0x00007ffb65e50000 - 0x00007ffb65efd000 	C:\Windows\System32\SHCORE.dll
0x00007ffb665f0000 - 0x00007ffb66645000 	C:\Windows\System32\shlwapi.dll
0x00007ffb651f0000 - 0x00007ffb65213000 	C:\Windows\SYSTEM32\profapi.dll
0x00007ffb5ef60000 - 0x00007ffb5ef70000 	C:\Program Files\Java\jdk-21\bin\net.dll
0x00007ffb5d330000 - 0x00007ffb5d43a000 	C:\Windows\SYSTEM32\WINHTTP.dll
0x00007ffb19c00000 - 0x00007ffb19cd7000 	C:\Program Files\Java\jdk-21\bin\jsvml.dll
0x00007ffb649e0000 - 0x00007ffb64a4a000 	C:\Windows\system32\mswsock.dll
0x00007ffb51270000 - 0x00007ffb51286000 	C:\Program Files\Java\jdk-21\bin\nio.dll
0x00007ffb4fda0000 - 0x00007ffb4fdb8000 	C:\Program Files\Java\jdk-21\bin\zip.dll
0x0000000069ac0000 - 0x0000000069ae4000 	C:\Program Files\NetBeans-19\netbeans\java\maven\lib\jansi-native\Windows\x86_64\jansi.dll
0x00007ffb53050000 - 0x00007ffb53060000 	C:\Program Files\Java\jdk-21\bin\verify.dll

dbghelp: loaded successfully - version: 4.0.5 - missing functions: none
symbol engine: initialized successfully - sym options: 0x614 - pdb path: .;C:\Program Files\Java\jdk-21\bin;C:\Windows\SYSTEM32;C:\Program Files\Avast Software\Avast;C:\Windows\WinSxS\amd64_microsoft.windows.common-controls_6595b64144ccf1df_6.0.19041.3636_none_60b6a03d71f818d5;C:\Program Files\Java\jdk-21\bin\server;C:\Program Files\NetBeans-19\netbeans\java\maven\lib\jansi-native\Windows\x86_64

VM Arguments:
jvm_args: -Dclassworlds.conf=C:\Program Files\NetBeans-19\netbeans\java\maven\bin\m2.conf -Dmaven.home=C:\Program Files\NetBeans-19\netbeans\java\maven -Dlibrary.jansi.path=C:\Program Files\NetBeans-19\netbeans\java\maven\lib\jansi-native -Dmaven.multiModuleProjectDirectory=G:\Документы\GitHub\mortalkombatbLab5\lab5 
java_command: org.codehaus.plexus.classworlds.launcher.Launcher -Dexec.vmArgs= -Dexec.args=${exec.vmArgs} -classpath %classpath ${exec.mainClass} ${exec.appArgs} -Dexec.appArgs= -Dexec.mainClass=com.mycompany.lab5.Lab5 -Dexec.executable=C:\Program Files\Java\jdk-21\bin\java.exe -Dmaven.ext.class.path=C:\Program Files\NetBeans-19\netbeans\java\maven-nblib\netbeans-eventspy.jar --no-transfer-progress process-classes org.codehaus.mojo:exec-maven-plugin:3.1.0:exec
java_class_path (initial): C:\Program Files\NetBeans-19\netbeans\java\maven\boot\plexus-classworlds-2.7.0.jar
Launcher Type: SUN_STANDARD

[Global flags]
     intx CICompilerCount                          = 4                                         {product} {ergonomic}
     uint ConcGCThreads                            = 3                                         {product} {ergonomic}
     uint G1ConcRefinementThreads                  = 10                                        {product} {ergonomic}
   size_t G1HeapRegionSize                         = 2097152                                   {product} {ergonomic}
    uintx GCDrainStackTargetSize                   = 64                                        {product} {ergonomic}
   size_t InitialHeapSize                          = 268435456                                 {product} {ergonomic}
   size_t MarkStackSize                            = 4194304                                   {product} {ergonomic}
   size_t MaxHeapSize                              = 4269801472                                {product} {ergonomic}
   size_t MaxNewSize                               = 2560622592                                {product} {ergonomic}
   size_t MinHeapDeltaBytes                        = 2097152                                   {product} {ergonomic}
   size_t MinHeapSize                              = 8388608                                   {product} {ergonomic}
    uintx NonNMethodCodeHeapSize                   = 5839372                                {pd product} {ergonomic}
    uintx NonProfiledCodeHeapSize                  = 122909434                              {pd product} {ergonomic}
    uintx ProfiledCodeHeapSize                     = 122909434                              {pd product} {ergonomic}
    uintx ReservedCodeCacheSize                    = 251658240                              {pd product} {ergonomic}
     bool SegmentedCodeCache                       = true                                      {product} {ergonomic}
   size_t SoftMaxHeapSize                          = 4269801472                             {manageable} {ergonomic}
     bool UseCompressedOops                        = true                           {product lp64_product} {ergonomic}
     bool UseG1GC                                  = true                                      {product} {ergonomic}
     bool UseLargePagesIndividualAllocation        = false                                  {pd product} {ergonomic}

Logging:
Log output configuration:
 #0: stdout all=warning uptime,level,tags foldmultilines=false
 #1: stderr all=off uptime,level,tags foldmultilines=false

Environment Variables:
JAVA_HOME=C:\Program Files\Java\jdk-21
PATH=C:\Program Files\Common Files\Oracle\Java\javapath;C:\Program Files (x86)\Common Files\Oracle\Java\javapath;C:\Windows\system32;C:\Windows;C:\Windows\System32\Wbem;C:\Windows\System32\WindowsPowerShell\v1.0\;C:\Windows\System32\OpenSSH\;C:\Program Files\NVIDIA Corporation\NVIDIA NvDLISR;C:\Program Files (x86)\dotnet\;C:\Program Files (x86)\NVIDIA Corporation\PhysX\Common;C:\Users\semyo\AppData\Local\Programs\Python\Launcher\;C:\Users\semyo\AppData\Local\Microsoft\WindowsApps;G:\Games\PyCharm 2023.3.1\bin;;C:\Users\semyo\AppData\Local\GitHubDesktop\bin
USERNAME=semyo
OS=Windows_NT
PROCESSOR_IDENTIFIER=Intel64 Family 6 Model 165 Stepping 3, GenuineIntel
TMP=C:\Users\semyo\AppData\Local\Temp
TEMP=C:\Users\semyo\AppData\Local\Temp




Periodic native trim disabled

---------------  S Y S T E M  ---------------

OS:
 Windows 10 , 64 bit Build 19041 (10.0.19041.3636)
OS uptime: 16 days 3:38 hours

CPU: total 12 (initial active 12) (6 cores per cpu, 2 threads per core) family 6 model 165 stepping 3 microcode 0xf4, cx8, cmov, fxsr, ht, mmx, 3dnowpref, sse, sse2, sse3, ssse3, sse4.1, sse4.2, popcnt, lzcnt, tsc, tscinvbit, avx, avx2, aes, erms, clmul, bmi1, bmi2, adx, fma, vzeroupper, clflush, clflushopt, rdtscp, f16c
Processor Information for all 12 processors :
  Max Mhz: 2904, Current Mhz: 2904, Mhz Limit: 2904

Memory: 4k page, system-wide physical 16280M (4004M free)
TotalPageFile size 30523M (AvailPageFile size 701M)
current process WorkingSet (physical memory assigned to process): 162M, peak: 169M
current process commit charge ("private bytes"): 382M, peak: 391M

vm_info: Java HotSpot(TM) 64-Bit Server VM (21.0.2+13-LTS-58) for windows-amd64 JRE (21.0.2+13-LTS-58), built on 2024-01-05T18:32:24Z by "mach5one" with MS VC++ 17.1 (VS2022)

END.
