#
# A fatal error has been detected by the Java Runtime Environment:
#
#  EXCEPTION_STACK_OVERFLOW (0xc00000fd) at pc=0x00007ffada6ed323, pid=16228, tid=18968
#
# JRE version: Java(TM) SE Runtime Environment (21.0.2+13) (build 21.0.2+13-LTS-58)
# Java VM: Java HotSpot(TM) 64-Bit Server VM (21.0.2+13-LTS-58, mixed mode, sharing, tiered, compressed oops, compressed class ptrs, g1 gc, windows-amd64)
# Problematic frame:
# V  [jvm.dll+0x3dd323]
#
# No core dump will be written. Minidumps are not enabled by default on client versions of Windows
#
# If you would like to submit a bug report, please visit:
#   https://bugreport.java.com/bugreport/crash.jsp
#

---------------  S U M M A R Y ------------

Command Line: com.mycompany.lab5.Lab5

Host: Intel(R) Core(TM) i5-10400F CPU @ 2.90GHz, 12 cores, 15G,  Windows 10 , 64 bit Build 19041 (10.0.19041.3636)
Time: Sat May 11 02:19:37 2024 RTZ 2 (s 10 , 64 bit Build 19041 (10.0.19041.3636) elapsed time: 0.214988 seconds (0d 0h 0m 0s)

---------------  T H R E A D  ---------------

Current thread (0x0000016b7f171200):  JavaThread "Reference Handler" daemon [_thread_in_vm, id=18968, stack(0x00000042fb500000,0x00000042fb600000) (1024K)]

Stack: [0x00000042fb500000,0x00000042fb600000],  sp=0x00000042fb5ff3e0,  free space=1020k
Native frames: (J=compiled Java code, j=interpreted, Vv=VM code, C=native code)
V  [jvm.dll+0x3dd323]
V  [jvm.dll+0x6cad02]
V  [jvm.dll+0x3ddfcb]
V  [jvm.dll+0x3de257]
V  [jvm.dll+0x4712f5]
V  [jvm.dll+0x3ef6c6]
V  [jvm.dll+0x7ff568]
